#
# There is insufficient memory for the Java Runtime Environment to continue.
# Native memory allocation (malloc) failed to allocate 656576 bytes for Chunk::new
# Possible reasons:
#   The system is out of physical RAM or swap space
#   The process is running with CompressedOops enabled, and the Java Heap may be blocking the growth of the native heap
# Possible solutions:
#   Reduce memory load on the system
#   Increase physical memory or swap space
#   Check if swap backing store is full
#   Decrease Java heap size (-Xmx/-Xms)
#   Decrease number of Java threads
#   Decrease Java thread stack sizes (-Xss)
#   Set larger code cache with -XX:ReservedCodeCacheSize=
#   JVM is running with Unscaled Compressed Oops mode in which the Java heap is
#     placed in the first 4GB address space. The Java Heap base address is the
#     maximum limit for the native heap growth. Please use -XX:HeapBaseMinAddress
#     to set the Java Heap base and to place the Java Heap above 4GB virtual address.
# This output file may be truncated or incomplete.
#
#  Out of Memory Error (allocation.cpp:389), pid=376, tid=0x0000000000002340
#
# JRE version: OpenJDK Runtime Environment (8.0) (build 1.8.0-25-microsoft-b00)
# Java VM: OpenJDK 64-Bit Server VM (25.71-b00 mixed mode windows-amd64 compressed oops)
# Failed to write core dump. Minidumps are not enabled by default on client versions of Windows
#

---------------  T H R E A D  ---------------

Current thread (0x000000001a0c7800):  JavaThread "C2 CompilerThread2" daemon [_thread_in_native, id=9024, stack(0x000000001ab90000,0x000000001ac90000)]

Stack: [0x000000001ab90000,0x000000001ac90000]
[error occurred during error reporting (printing stack bounds), id 0xc0000005]

Native frames: (J=compiled Java code, j=interpreted, Vv=VM code, C=native code)


Current CompileTask:
C2:   2414  495   !   4       com.sun.tools.javac.parser.JavaTokenizer::readToken (2243 bytes)


---------------  P R O C E S S  ---------------

Java Threads: ( => current thread )
  0x000000001a15f000 JavaThread "Service Thread" daemon [_thread_blocked, id=9352, stack(0x000000001ad90000,0x000000001ae90000)]
  0x000000001a0d1000 JavaThread "C1 CompilerThread3" daemon [_thread_blocked, id=15856, stack(0x000000001ac90000,0x000000001ad90000)]
=>0x000000001a0c7800 JavaThread "C2 CompilerThread2" daemon [_thread_in_native, id=9024, stack(0x000000001ab90000,0x000000001ac90000)]
  0x000000001a0c4800 JavaThread "C2 CompilerThread1" daemon [_thread_in_native, id=2292, stack(0x000000001aa90000,0x000000001ab90000)]
  0x000000001a0c2000 JavaThread "C2 CompilerThread0" daemon [_thread_in_native, id=6636, stack(0x000000001a990000,0x000000001aa90000)]
  0x000000001a0c0000 JavaThread "Attach Listener" daemon [_thread_blocked, id=7392, stack(0x000000001a890000,0x000000001a990000)]
  0x000000001a0bf000 JavaThread "Signal Dispatcher" daemon [_thread_blocked, id=15784, stack(0x000000001a790000,0x000000001a890000)]
  0x000000001a0b0800 JavaThread "Finalizer" daemon [_thread_blocked, id=6416, stack(0x000000001a590000,0x000000001a690000)]
  0x0000000003398000 JavaThread "Reference Handler" daemon [_thread_blocked, id=12512, stack(0x000000001a490000,0x000000001a590000)]
  0x000000000190e800 JavaThread "main" [_thread_in_native, id=21792, stack(0x00000000031a0000,0x00000000032a0000)]

Other Threads:
  0x00000000182b6000 VMThread [stack: 0x0000000019f90000,0x000000001a090000] [id=1424]
  0x000000001a15f800 WatcherThread [stack: 0x000000001ae90000,0x000000001af90000] [id=6872]

VM state:not at safepoint (normal execution)

VM Mutex/Monitor currently owned by a thread: None

heap address: 0x0000000082200000, size: 2014 MB, Compressed Oops mode: 32-bit
Narrow klass base: 0x0000000000000000, Narrow klass shift: 3
Compressed class space size: 1073741824 Address: 0x0000000100000000

Heap:
 PSYoungGen      total 6656K, used 2416K [0x00000000d6100000, 0x00000000d6800000, 0x0000000100000000)
  eden space 6144K, 31% used [0x00000000d6100000,0x00000000d62e0070,0x00000000d6700000)
  from space 512K, 96% used [0x00000000d6700000,0x00000000d677c010,0x00000000d6780000)
  to   space 512K, 0% used [0x00000000d6780000,0x00000000d6780000,0x00000000d6800000)
 ParOldGen       total 5632K, used 3093K [0x0000000082200000, 0x0000000082780000, 0x00000000d6100000)
  object space 5632K, 54% used [0x0000000082200000,0x0000000082505490,0x0000000082780000)
 Metaspace       used 7276K, capacity 8180K, committed 8320K, reserved 1056768K
  class space    used 857K, capacity 880K, committed 896K, reserved 1048576K

Card table byte_map: [0x0000000012760000,0x0000000012b50000] byte_map_base: 0x000000001234f000

Marking Bits: (ParMarkBitMap*) 0x0000000066cc8f30
 Begin Bits: [0x00000000135f0000, 0x0000000015568000)
 End Bits:   [0x0000000015568000, 0x00000000174e0000)

Polling page: 0x00000000013d0000

CodeCache: size=245760Kb used=2812Kb max_used=2824Kb free=242947Kb
 bounds [0x00000000033a0000, 0x0000000003670000, 0x00000000123a0000]
 total_blobs=843 nmethods=557 adapters=200
 compilation: enabled

Compilation events (10 events):
Event: 2.394 Thread 0x000000001a0c2000 nmethod 554 0x0000000003650890 code [0x00000000036509e0, 0x0000000003650a78]
Event: 2.394 Thread 0x000000001a0c4800  557       4       com.sun.tools.javac.parser.JavacParser::term3 (2502 bytes)
Event: 2.394 Thread 0x000000001a0c2000  559       4       com.sun.tools.javac.parser.JavacParser::term3Rest (705 bytes)
Event: 2.395 Thread 0x000000001a0d1000 nmethod 555 0x0000000003662350 code [0x00000000036626c0, 0x0000000003663c08]
Event: 2.395 Thread 0x000000001a0d1000  556       3       com.sun.tools.javac.parser.UnicodeReader::putChar (10 bytes)
Event: 2.395 Thread 0x000000001a0d1000 nmethod 556 0x00000000036564d0 code [0x0000000003656640, 0x00000000036567c8]
Event: 2.395 Thread 0x000000001a0d1000  558       3       com.sun.tools.javac.parser.JavacParser::prec (21 bytes)
Event: 2.395 Thread 0x000000001a0d1000 nmethod 558 0x000000000365d210 code [0x000000000365d380, 0x000000000365d578]
Event: 2.396 Thread 0x000000001a0c2000 nmethod 559 0x000000000365cc10 code [0x000000000365cd80, 0x000000000365cf38]
Event: 2.403 Thread 0x000000001a0c2000  560 %     4       sun.nio.cs.UTF_8$Decoder::decodeArrayLoop @ 73 (691 bytes)

GC Heap History (10 events):
Event: 0.114 GC heap before
{Heap before GC invocations=1 (full 0):
 PSYoungGen      total 2048K, used 1536K [0x00000000d6100000, 0x00000000d6380000, 0x0000000100000000)
  eden space 1536K, 100% used [0x00000000d6100000,0x00000000d6280000,0x00000000d6280000)
  from space 512K, 0% used [0x00000000d6300000,0x00000000d6300000,0x00000000d6380000)
  to   space 512K, 0% used [0x00000000d6280000,0x00000000d6280000,0x00000000d6300000)
 ParOldGen       total 5632K, used 0K [0x0000000082200000, 0x0000000082780000, 0x00000000d6100000)
  object space 5632K, 0% used [0x0000000082200000,0x0000000082200000,0x0000000082780000)
 Metaspace       used 3184K, capacity 4812K, committed 5120K, reserved 1056768K
  class space    used 359K, capacity 456K, committed 512K, reserved 1048576K
Event: 0.116 GC heap after
Heap after GC invocations=1 (full 0):
 PSYoungGen      total 2048K, used 480K [0x00000000d6100000, 0x00000000d6500000, 0x0000000100000000)
  eden space 1536K, 0% used [0x00000000d6100000,0x00000000d6100000,0x00000000d6280000)
  from space 512K, 93% used [0x00000000d6280000,0x00000000d62f8020,0x00000000d6300000)
  to   space 512K, 0% used [0x00000000d6480000,0x00000000d6480000,0x00000000d6500000)
 ParOldGen       total 5632K, used 32K [0x0000000082200000, 0x0000000082780000, 0x00000000d6100000)
  object space 5632K, 0% used [0x0000000082200000,0x0000000082208000,0x0000000082780000)
 Metaspace       used 3184K, capacity 4812K, committed 5120K, reserved 1056768K
  class space    used 359K, capacity 456K, committed 512K, reserved 1048576K
}
Event: 0.183 GC heap before
{Heap before GC invocations=2 (full 0):
 PSYoungGen      total 2048K, used 2016K [0x00000000d6100000, 0x00000000d6500000, 0x0000000100000000)
  eden space 1536K, 100% used [0x00000000d6100000,0x00000000d6280000,0x00000000d6280000)
  from space 512K, 93% used [0x00000000d6280000,0x00000000d62f8020,0x00000000d6300000)
  to   space 512K, 0% used [0x00000000d6480000,0x00000000d6480000,0x00000000d6500000)
 ParOldGen       total 5632K, used 32K [0x0000000082200000, 0x0000000082780000, 0x00000000d6100000)
  object space 5632K, 0% used [0x0000000082200000,0x0000000082208000,0x0000000082780000)
 Metaspace       used 3845K, capacity 5228K, committed 5376K, reserved 1056768K
  class space    used 436K, capacity 488K, committed 512K, reserved 1048576K
Event: 0.184 GC heap after
Heap after GC invocations=2 (full 0):
 PSYoungGen      total 3584K, used 512K [0x00000000d6100000, 0x00000000d6500000, 0x0000000100000000)
  eden space 3072K, 0% used [0x00000000d6100000,0x00000000d6100000,0x00000000d6400000)
  from space 512K, 100% used [0x00000000d6480000,0x00000000d6500000,0x00000000d6500000)
  to   space 512K, 0% used [0x00000000d6400000,0x00000000d6400000,0x00000000d6480000)
 ParOldGen       total 5632K, used 136K [0x0000000082200000, 0x0000000082780000, 0x00000000d6100000)
  object space 5632K, 2% used [0x0000000082200000,0x0000000082222010,0x0000000082780000)
 Metaspace       used 3845K, capacity 5228K, committed 5376K, reserved 1056768K
  class space    used 436K, capacity 488K, committed 512K, reserved 1048576K
}
Event: 0.254 GC heap before
{Heap before GC invocations=3 (full 0):
 PSYoungGen      total 3584K, used 3584K [0x00000000d6100000, 0x00000000d6500000, 0x0000000100000000)
  eden space 3072K, 100% used [0x00000000d6100000,0x00000000d6400000,0x00000000d6400000)
  from space 512K, 100% used [0x00000000d6480000,0x00000000d6500000,0x00000000d6500000)
  to   space 512K, 0% used [0x00000000d6400000,0x00000000d6400000,0x00000000d6480000)
 ParOldGen       total 5632K, used 136K [0x0000000082200000, 0x0000000082780000, 0x00000000d6100000)
  object space 5632K, 2% used [0x0000000082200000,0x0000000082222010,0x0000000082780000)
 Metaspace       used 4853K, capacity 6188K, committed 6272K, reserved 1056768K
  class space    used 577K, capacity 616K, committed 640K, reserved 1048576K
Event: 0.255 GC heap after
Heap after GC invocations=3 (full 0):
 PSYoungGen      total 3584K, used 512K [0x00000000d6100000, 0x00000000d6800000, 0x0000000100000000)
  eden space 3072K, 0% used [0x00000000d6100000,0x00000000d6100000,0x00000000d6400000)
  from space 512K, 100% used [0x00000000d6400000,0x00000000d6480000,0x00000000d6480000)
  to   space 512K, 0% used [0x00000000d6780000,0x00000000d6780000,0x00000000d6800000)
 ParOldGen       total 5632K, used 640K [0x0000000082200000, 0x0000000082780000, 0x00000000d6100000)
  object space 5632K, 11% used [0x0000000082200000,0x00000000822a0030,0x0000000082780000)
 Metaspace       used 4853K, capacity 6188K, committed 6272K, reserved 1056768K
  class space    used 577K, capacity 616K, committed 640K, reserved 1048576K
}
Event: 0.322 GC heap before
{Heap before GC invocations=4 (full 0):
 PSYoungGen      total 3584K, used 3584K [0x00000000d6100000, 0x00000000d6800000, 0x0000000100000000)
  eden space 3072K, 100% used [0x00000000d6100000,0x00000000d6400000,0x00000000d6400000)
  from space 512K, 100% used [0x00000000d6400000,0x00000000d6480000,0x00000000d6480000)
  to   space 512K, 0% used [0x00000000d6780000,0x00000000d6780000,0x00000000d6800000)
 ParOldGen       total 5632K, used 640K [0x0000000082200000, 0x0000000082780000, 0x00000000d6100000)
  object space 5632K, 11% used [0x0000000082200000,0x00000000822a0030,0x0000000082780000)
 Metaspace       used 5920K, capacity 7180K, committed 7552K, reserved 1056768K
  class space    used 725K, capacity 776K, committed 896K, reserved 1048576K
Event: 0.323 GC heap after
Heap after GC invocations=4 (full 0):
 PSYoungGen      total 6656K, used 512K [0x00000000d6100000, 0x00000000d6800000, 0x0000000100000000)
  eden space 6144K, 0% used [0x00000000d6100000,0x00000000d6100000,0x00000000d6700000)
  from space 512K, 100% used [0x00000000d6780000,0x00000000d6800000,0x00000000d6800000)
  to   space 512K, 0% used [0x00000000d6700000,0x00000000d6700000,0x00000000d6780000)
 ParOldGen       total 5632K, used 816K [0x0000000082200000, 0x0000000082780000, 0x00000000d6100000)
  object space 5632K, 14% used [0x0000000082200000,0x00000000822cc030,0x0000000082780000)
 Metaspace       used 5920K, capacity 7180K, committed 7552K, reserved 1056768K
  class space    used 725K, capacity 776K, committed 896K, reserved 1048576K
}
Event: 2.376 GC heap before
{Heap before GC invocations=5 (full 0):
 PSYoungGen      total 6656K, used 6656K [0x00000000d6100000, 0x00000000d6800000, 0x0000000100000000)
  eden space 6144K, 100% used [0x00000000d6100000,0x00000000d6700000,0x00000000d6700000)
  from space 512K, 100% used [0x00000000d6780000,0x00000000d6800000,0x00000000d6800000)
  to   space 512K, 0% used [0x00000000d6700000,0x00000000d6700000,0x00000000d6780000)
 ParOldGen       total 5632K, used 816K [0x0000000082200000, 0x0000000082780000, 0x00000000d6100000)
  object space 5632K, 14% used [0x0000000082200000,0x00000000822cc030,0x0000000082780000)
 Metaspace       used 7276K, capacity 8180K, committed 8320K, reserved 1056768K
  class space    used 857K, capacity 880K, committed 896K, reserved 1048576K
Event: 2.379 GC heap after
Heap after GC invocations=5 (full 0):
 PSYoungGen      total 6656K, used 496K [0x00000000d6100000, 0x00000000d6800000, 0x0000000100000000)
  eden space 6144K, 0% used [0x00000000d6100000,0x00000000d6100000,0x00000000d6700000)
  from space 512K, 96% used [0x00000000d6700000,0x00000000d677c010,0x00000000d6780000)
  to   space 512K, 0% used [0x00000000d6780000,0x00000000d6780000,0x00000000d6800000)
 ParOldGen       total 5632K, used 3093K [0x0000000082200000, 0x0000000082780000, 0x00000000d6100000)
  object space 5632K, 54% used [0x0000000082200000,0x0000000082505490,0x0000000082780000)
 Metaspace       used 7276K, capacity 8180K, committed 8320K, reserved 1056768K
  class space    used 857K, capacity 880K, committed 896K, reserved 1048576K
}

Deoptimization events (7 events):
Event: 0.144 Thread 0x000000000190e800 Uncommon trap: reason=unstable_if action=reinterpret pc=0x00000000034e4ffc method=java.io.BufferedReader.read()I @ 19
Event: 0.144 Thread 0x000000000190e800 Uncommon trap: reason=unstable_if action=reinterpret pc=0x00000000034e56e4 method=java.io.BufferedReader.read()I @ 19
Event: 2.253 Thread 0x000000000190e800 Uncommon trap: reason=unstable_if action=reinterpret pc=0x000000000352a4ec method=java.lang.String.replace(CC)Ljava/lang/String; @ 26
Event: 2.323 Thread 0x000000000190e800 Uncommon trap: reason=unstable_if action=reinterpret pc=0x00000000035b6f98 method=com.sun.tools.javac.parser.UnicodeReader.scanChar()V @ 37
Event: 2.325 Thread 0x000000000190e800 Uncommon trap: reason=unstable_if action=reinterpret pc=0x00000000035b36d4 method=com.sun.tools.javac.parser.UnicodeReader.scanChar()V @ 37
Event: 2.325 Thread 0x000000000190e800 Uncommon trap: reason=unstable_if action=reinterpret pc=0x00000000035596b8 method=java.lang.String.<init>([CII)V @ 18
Event: 2.394 Thread 0x000000000190e800 Uncommon trap: reason=unstable_if action=reinterpret pc=0x000000000360d478 method=com.sun.tools.javac.util.ArrayUtils.ensureCapacity([CI)[C @ 3

Classes redefined (0 events):
No events

Internal exceptions (10 events):
Event: 0.025 Thread 0x000000000190e800 Exception <a 'java/lang/NoSuchMethodError': Method sun.misc.Unsafe.defineClass(Ljava/lang/String;[BII)Ljava/lang/Class; name or signature does not match> (0x00000000d6107cd8) thrown at [D:\j\worksp~1\openjd~3\jdk8u\hotspot\src\share\vm\prims\jni.cpp, line
Event: 0.025 Thread 0x000000000190e800 Exception <a 'java/lang/NoSuchMethodError': Method sun.misc.Unsafe.prefetchRead(Ljava/lang/Object;J)V name or signature does not match> (0x00000000d6107fc0) thrown at [D:\j\worksp~1\openjd~3\jdk8u\hotspot\src\share\vm\prims\jni.cpp, line 4012]
Event: 0.112 Thread 0x000000000190e800 Exception <a 'java/security/PrivilegedActionException'> (0x00000000d6276530) thrown at [D:\j\worksp~1\openjd~3\jdk8u\hotspot\src\share\vm\prims\jvm.cpp, line 1508]
Event: 0.112 Thread 0x000000000190e800 Exception <a 'java/security/PrivilegedActionException'> (0x00000000d6276928) thrown at [D:\j\worksp~1\openjd~3\jdk8u\hotspot\src\share\vm\prims\jvm.cpp, line 1508]
Event: 0.112 Thread 0x000000000190e800 Exception <a 'java/security/PrivilegedActionException'> (0x00000000d627adf0) thrown at [D:\j\worksp~1\openjd~3\jdk8u\hotspot\src\share\vm\prims\jvm.cpp, line 1508]
Event: 0.112 Thread 0x000000000190e800 Exception <a 'java/security/PrivilegedActionException'> (0x00000000d627b1e8) thrown at [D:\j\worksp~1\openjd~3\jdk8u\hotspot\src\share\vm\prims\jvm.cpp, line 1508]
Event: 0.112 Thread 0x000000000190e800 Exception <a 'java/security/PrivilegedActionException'> (0x00000000d627cb10) thrown at [D:\j\worksp~1\openjd~3\jdk8u\hotspot\src\share\vm\prims\jvm.cpp, line 1508]
Event: 0.113 Thread 0x000000000190e800 Exception <a 'java/security/PrivilegedActionException'> (0x00000000d627cf08) thrown at [D:\j\worksp~1\openjd~3\jdk8u\hotspot\src\share\vm\prims\jvm.cpp, line 1508]
Event: 0.118 Thread 0x000000000190e800 Exception <a 'java/security/PrivilegedActionException'> (0x00000000d6132ec0) thrown at [D:\j\worksp~1\openjd~3\jdk8u\hotspot\src\share\vm\prims\jvm.cpp, line 1508]
Event: 0.119 Thread 0x000000000190e800 Exception <a 'java/security/PrivilegedActionException'> (0x00000000d61332b8) thrown at [D:\j\worksp~1\openjd~3\jdk8u\hotspot\src\share\vm\prims\jvm.cpp, line 1508]

Events (10 events):
Event: 2.325 loading class com/sun/tools/javac/tree/JCTree$1 done
Event: 2.325 loading class com/sun/tools/javac/code/BoundKind
Event: 2.325 loading class com/sun/tools/javac/code/BoundKind done
Event: 2.376 Executing VM operation: ParallelGCFailedAllocation
Event: 2.379 Executing VM operation: ParallelGCFailedAllocation done
Event: 2.394 Thread 0x000000000190e800 Uncommon trap: trap_request=0xffffff65 fr.pc=0x000000000360d478
Event: 2.394 Thread 0x000000000190e800 DEOPT PACKING pc=0x000000000360d478 sp=0x000000000329e1b0
Event: 2.394 Thread 0x000000000190e800 DEOPT UNPACKING pc=0x00000000033e557b sp=0x000000000329e080 mode 2
Event: 2.404 Thread 0x000000000190e800 DEOPT PACKING pc=0x000000000365c23a sp=0x000000000329ea70
Event: 2.404 Thread 0x000000000190e800 DEOPT UNPACKING pc=0x00000000033e75d0 sp=0x000000000329e7a0 mode 0


Dynamic libraries:
0x00007ff772210000 - 0x00007ff772217000 	C:\Program Files\Android\Jdk\microsoft_dist_openjdk_1.8.0.25\bin\javac.exe
0x00007ffe698c0000 - 0x00007ffe69ab0000 	C:\WINDOWS\SYSTEM32\ntdll.dll
0x00007ffe67970000 - 0x00007ffe67a22000 	C:\WINDOWS\System32\KERNEL32.DLL
0x00007ffe66c80000 - 0x00007ffe66f23000 	C:\WINDOWS\System32\KERNELBASE.dll
0x00007ffe5bca0000 - 0x00007ffe5bccf000 	C:\Program Files\Android\Jdk\microsoft_dist_openjdk_1.8.0.25\bin\jli.dll
0x0000000066420000 - 0x00000000664f1000 	C:\Program Files\Android\Jdk\microsoft_dist_openjdk_1.8.0.25\bin\MSVCR100.dll
0x00007ffe697d0000 - 0x00007ffe69873000 	C:\WINDOWS\System32\ADVAPI32.dll
0x00007ffe68180000 - 0x00007ffe6821e000 	C:\WINDOWS\System32\msvcrt.dll
0x00007ffe68450000 - 0x00007ffe684e7000 	C:\WINDOWS\System32\sechost.dll
0x00007ffe67f70000 - 0x00007ffe68090000 	C:\WINDOWS\System32\RPCRT4.dll
0x00007ffe67d70000 - 0x00007ffe67f04000 	C:\WINDOWS\System32\USER32.dll
0x00007ffe66c50000 - 0x00007ffe66c71000 	C:\WINDOWS\System32\win32u.dll
0x00007ffe65c40000 - 0x00007ffe65ec5000 	C:\WINDOWS\WinSxS\amd64_microsoft.windows.common-controls_6595b64144ccf1df_6.0.18362.592_none_e6c0b1911312be02\COMCTL32.dll
0x00007ffe68740000 - 0x00007ffe68766000 	C:\WINDOWS\System32\GDI32.dll
0x00007ffe67a30000 - 0x00007ffe67d66000 	C:\WINDOWS\System32\combase.dll
0x00007ffe676b0000 - 0x00007ffe67844000 	C:\WINDOWS\System32\gdi32full.dll
0x00007ffe66850000 - 0x00007ffe6694a000 	C:\WINDOWS\System32\ucrtbase.dll
0x00007ffe67850000 - 0x00007ffe678ee000 	C:\WINDOWS\System32\msvcp_win.dll
0x00007ffe66a60000 - 0x00007ffe66ae0000 	C:\WINDOWS\System32\bcryptPrimitives.dll
0x00007ffe69740000 - 0x00007ffe6976e000 	C:\WINDOWS\System32\IMM32.DLL
0x0000000066d50000 - 0x0000000066e21000 	C:\Program Files\Android\Jdk\microsoft_dist_openjdk_1.8.0.25\jre\bin\msvcr100.dll
0x0000000066500000 - 0x0000000066d45000 	C:\Program Files\Android\Jdk\microsoft_dist_openjdk_1.8.0.25\jre\bin\server\jvm.dll
0x00007ffe68170000 - 0x00007ffe68178000 	C:\WINDOWS\System32\PSAPI.DLL
0x00007ffe63d20000 - 0x00007ffe63d44000 	C:\WINDOWS\SYSTEM32\WINMM.dll
0x00007ffe5f280000 - 0x00007ffe5f289000 	C:\WINDOWS\SYSTEM32\WSOCK32.dll
0x00007ffe624d0000 - 0x00007ffe624da000 	C:\WINDOWS\SYSTEM32\VERSION.dll
0x00007ffe68090000 - 0x00007ffe680ff000 	C:\WINDOWS\System32\WS2_32.dll
0x00007ffe63cf0000 - 0x00007ffe63d1d000 	C:\WINDOWS\SYSTEM32\WINMMBASE.dll
0x00007ffe67920000 - 0x00007ffe6796a000 	C:\WINDOWS\System32\cfgmgr32.dll
0x00007ffe5f270000 - 0x00007ffe5f27f000 	C:\Program Files\Android\Jdk\microsoft_dist_openjdk_1.8.0.25\jre\bin\verify.dll
0x00007ffe5f210000 - 0x00007ffe5f239000 	C:\Program Files\Android\Jdk\microsoft_dist_openjdk_1.8.0.25\jre\bin\java.dll
0x00007ffe5c8d0000 - 0x00007ffe5c8e6000 	C:\Program Files\Android\Jdk\microsoft_dist_openjdk_1.8.0.25\jre\bin\zip.dll
0x00007ffe68de0000 - 0x00007ffe694c5000 	C:\WINDOWS\System32\SHELL32.dll
0x00007ffe68d30000 - 0x00007ffe68dd9000 	C:\WINDOWS\System32\shcore.dll
0x00007ffe66f30000 - 0x00007ffe676af000 	C:\WINDOWS\System32\windows.storage.dll
0x00007ffe667a0000 - 0x00007ffe667bf000 	C:\WINDOWS\System32\profapi.dll
0x00007ffe66800000 - 0x00007ffe6684a000 	C:\WINDOWS\System32\powrprof.dll
0x00007ffe66790000 - 0x00007ffe667a0000 	C:\WINDOWS\System32\UMPDC.dll
0x00007ffe694d0000 - 0x00007ffe69522000 	C:\WINDOWS\System32\shlwapi.dll
0x00007ffe667e0000 - 0x00007ffe667f1000 	C:\WINDOWS\System32\kernel.appcore.dll
0x00007ffe66ae0000 - 0x00007ffe66af7000 	C:\WINDOWS\System32\cryptsp.dll

VM Arguments:
jvm_args: -Dapplication.home=C:\Program Files\Android\Jdk\microsoft_dist_openjdk_1.8.0.25 -Xms8m -Dfile.encoding=UTF8 
java_command: com.sun.tools.javac.Main @C:\Users\mic20\AppData\Local\Temp\tmp45.tmp
java_class_path (initial): C:\Program Files\Android\Jdk\microsoft_dist_openjdk_1.8.0.25/lib/tools.jar;C:\Program Files\Android\Jdk\microsoft_dist_openjdk_1.8.0.25/classes
Launcher Type: SUN_STANDARD

Environment Variables:
PATH=C:\Program Files\Android\Jdk\microsoft_dist_openjdk_1.8.0.25\bin;C:\Program Files\Haskell\bin;E:\ProgrammeE\HaskellPlatform\8.6.5\lib\extralibs\bin;E:\ProgrammeE\HaskellPlatform\8.6.5\bin;C:\Program Files (x86)\Python37-32\Scripts\;C:\Program Files (x86)\Python37-32\;C:\Program Files (x86)\Common Files\Oracle\Java\javapath;C:\ProgramData\Oracle\Java\javapath;C:\WINDOWS\system32;C:\WINDOWS;C:\WINDOWS\System32\Wbem;C:\WINDOWS\System32\WindowsPowerShell\v1.0\;C:\WINDOWS\System32\OpenSSH\;E:\ProgrammeE\nodeJS\;C:\Program Files\Java\jdk-12.0.1\bin;C:\Program Files (x86)\scala\bin;C:\Program Files\MiKTeX 2.9\miktex\bin\x64\;C:\Strawberry\c\bin;C:\Strawberry\perl\site\bin;C:\Strawberry\perl\bin;C:\Program Files (x86)\GnuWin32\bin;E:\ProgrammeE\HaskellPlatform\8.6.5\mingw\bin;C:\Program Files\Git\cmd;C:\Program Files\Microsoft SQL Server\120\Tools\Binn\;C:\Program Files\dotnet\;C:\Users\mic20\AppData\Roaming\cabal\bin;C:\Users\mic20\AppData\Roaming\local\bin;C:\Users\mic20\AppData\Local\Microsoft\WindowsApps;C:\Users\mic20\AppData\Roaming\npm;C:\Program Files\Java\jdk-12.0.1\bin;E:\ProgrammeE\CLion 2019.1.2\bin;E:\ProgrammeE\Microsoft VS Code\bin;C:\Users\mic20\AppData\Local\Microsoft\WindowsApps;C:\texlive\2019\bin\win32;C:\Program Files (x86)\Python37-32\python.exe;
USERNAME=mic20
OS=Windows_NT
PROCESSOR_IDENTIFIER=Intel64 Family 6 Model 58 Stepping 9, GenuineIntel



---------------  S Y S T E M  ---------------

OS: Windows 10.0 , 64 bit Build 18362 (10.0.18362.329)

CPU:total 8 (initial active 8) (4 cores per cpu, 2 threads per core) family 6 model 58 stepping 9, cmov, cx8, fxsr, mmx, sse, sse2, sse3, ssse3, sse4.1, sse4.2, popcnt, avx, aes, clmul, erms, ht, tsc, tscinvbit, tscinv

Memory: 4k page, physical 8245308k(1848924k free), swap 9293884k(5124k free)

vm_info: OpenJDK 64-Bit Server VM (25.71-b00) for windows-amd64 JRE (1.8.0-25-microsoft-b00), built on Feb  7 2019 20:09:14 by "builder" with MS VC++ 10.0 (VS2010)

time: Sun Jan 26 16:43:45 2020
timezone: W. Europe Standard Time
elapsed time: 2 seconds (0d 0h 0m 2s)

