#
# There is insufficient memory for the Java Runtime Environment to continue.
# Native memory allocation (malloc) failed to allocate 1048576 bytes for AllocateHeap
# Possible reasons:
#   The system is out of physical RAM or swap space
#   The process is running with CompressedOops enabled, and the Java Heap may be blocking the growth of the native heap
# Possible solutions:
#   Reduce memory load on the system
#   Increase physical memory or swap space
#   Check if swap backing store is full
#   Decrease Java heap size (-Xmx/-Xms)
#   Decrease number of Java threads
#   Decrease Java thread stack sizes (-Xss)
#   Set larger code cache with -XX:ReservedCodeCacheSize=
#   JVM is running with Unscaled Compressed Oops mode in which the Java heap is
#     placed in the first 4GB address space. The Java Heap base address is the
#     maximum limit for the native heap growth. Please use -XX:HeapBaseMinAddress
#     to set the Java Heap base and to place the Java Heap above 4GB virtual address.
# This output file may be truncated or incomplete.
#
#  Out of Memory Error (memory/allocation.inline.hpp:61), pid=3608, tid=0x00000000000026f4
#
# JRE version:  (8.0) (build )
# Java VM: OpenJDK 64-Bit Server VM (25.71-b00 mixed mode windows-amd64 compressed oops)
# Failed to write core dump. Minidumps are not enabled by default on client versions of Windows
#

---------------  T H R E A D  ---------------

Current thread (0x00000000032ee000):  JavaThread "Unknown thread" [_thread_in_vm, id=9972, stack(0x0000000003100000,0x0000000003200000)]

Stack: [0x0000000003100000,0x0000000003200000]
[error occurred during error reporting (printing stack bounds), id 0xc0000005]

Native frames: (J=compiled Java code, j=interpreted, Vv=VM code, C=native code)


---------------  P R O C E S S  ---------------

Java Threads: ( => current thread )

Other Threads:

=>0x00000000032ee000 (exited) JavaThread "Unknown thread" [_thread_in_vm, id=9972, stack(0x0000000003100000,0x0000000003200000)]

VM state:not at safepoint (normal execution)

VM Mutex/Monitor currently owned by a thread: None

heap address: 0x0000000082200000, size: 2014 MB, Compressed Oops mode: 32-bit
Narrow klass base: 0x0000000000000000, Narrow klass shift: 3
Compressed class space size: 1073741824 Address: 0x0000000100000000

Heap:
 PSYoungGen      total 37888K, used 655K [0x00000000d6100000, 0x00000000d8b00000, 0x0000000100000000)
  eden space 32768K, 2% used [0x00000000d6100000,0x00000000d61a3d80,0x00000000d8100000)
  from space 5120K, 0% used [0x00000000d8600000,0x00000000d8600000,0x00000000d8b00000)
  to   space 5120K, 0% used [0x00000000d8100000,0x00000000d8100000,0x00000000d8600000)
 ParOldGen       total 86016K, used 0K [0x0000000082200000, 0x0000000087600000, 0x00000000d6100000)
  object space 86016K, 0% used [0x0000000082200000,0x0000000082200000,0x0000000087600000)
 Metaspace       used 777K, capacity 4480K, committed 4480K, reserved 1056768K
  class space    used 74K, capacity 384K, committed 384K, reserved 1048576K

Card table byte_map: [0x00000000127b0000,0x0000000012ba0000] byte_map_base: 0x000000001239f000

Marking Bits: (ParMarkBitMap*) 0x0000000066cc8f30
 Begin Bits: [0x0000000013640000, 0x00000000155b8000)
 End Bits:   [0x00000000155b8000, 0x0000000017530000)

Polling page: 0x0000000000ff0000

CodeCache: size=245760Kb used=328Kb max_used=328Kb free=245431Kb
 bounds [0x00000000033f0000, 0x0000000003660000, 0x00000000123f0000]
 total_blobs=57 nmethods=0 adapters=38
 compilation: enabled

Compilation events (0 events):
No events

GC Heap History (0 events):
No events

Deoptimization events (0 events):
No events

Classes redefined (0 events):
No events

Internal exceptions (0 events):
No events

Events (10 events):
Event: 0.019 loading class java/lang/Short
Event: 0.019 loading class java/lang/Short done
Event: 0.019 loading class java/lang/Integer
Event: 0.019 loading class java/lang/Integer done
Event: 0.019 loading class java/lang/Long
Event: 0.019 loading class java/lang/Long done
Event: 0.020 loading class java/lang/NullPointerException
Event: 0.020 loading class java/lang/NullPointerException done
Event: 0.020 loading class java/lang/ArithmeticException
Event: 0.020 loading class java/lang/ArithmeticException done


Dynamic libraries:
0x00007ff601e60000 - 0x00007ff601e95000 	C:\Program Files\Android\Jdk\microsoft_dist_openjdk_1.8.0.25\bin\java.exe
0x00007ffe698c0000 - 0x00007ffe69ab0000 	C:\WINDOWS\SYSTEM32\ntdll.dll
0x00007ffe67970000 - 0x00007ffe67a22000 	C:\WINDOWS\System32\KERNEL32.DLL
0x00007ffe66c80000 - 0x00007ffe66f23000 	C:\WINDOWS\System32\KERNELBASE.dll
0x00007ffe697d0000 - 0x00007ffe69873000 	C:\WINDOWS\System32\ADVAPI32.dll
0x00007ffe68180000 - 0x00007ffe6821e000 	C:\WINDOWS\System32\msvcrt.dll
0x00007ffe68450000 - 0x00007ffe684e7000 	C:\WINDOWS\System32\sechost.dll
0x00007ffe67f70000 - 0x00007ffe68090000 	C:\WINDOWS\System32\RPCRT4.dll
0x00007ffe67d70000 - 0x00007ffe67f04000 	C:\WINDOWS\System32\USER32.dll
0x00007ffe66c50000 - 0x00007ffe66c71000 	C:\WINDOWS\System32\win32u.dll
0x00007ffe68740000 - 0x00007ffe68766000 	C:\WINDOWS\System32\GDI32.dll
0x00007ffe676b0000 - 0x00007ffe67844000 	C:\WINDOWS\System32\gdi32full.dll
0x00007ffe67850000 - 0x00007ffe678ee000 	C:\WINDOWS\System32\msvcp_win.dll
0x00007ffe66850000 - 0x00007ffe6694a000 	C:\WINDOWS\System32\ucrtbase.dll
0x00007ffe65c40000 - 0x00007ffe65ec5000 	C:\WINDOWS\WinSxS\amd64_microsoft.windows.common-controls_6595b64144ccf1df_6.0.18362.592_none_e6c0b1911312be02\COMCTL32.dll
0x00007ffe67a30000 - 0x00007ffe67d66000 	C:\WINDOWS\System32\combase.dll
0x00007ffe66a60000 - 0x00007ffe66ae0000 	C:\WINDOWS\System32\bcryptPrimitives.dll
0x00007ffe69740000 - 0x00007ffe6976e000 	C:\WINDOWS\System32\IMM32.DLL
0x0000000066d50000 - 0x0000000066e21000 	C:\Program Files\Android\Jdk\microsoft_dist_openjdk_1.8.0.25\jre\bin\msvcr100.dll
0x0000000066500000 - 0x0000000066d45000 	C:\Program Files\Android\Jdk\microsoft_dist_openjdk_1.8.0.25\jre\bin\server\jvm.dll
0x00007ffe68170000 - 0x00007ffe68178000 	C:\WINDOWS\System32\PSAPI.DLL
0x00007ffe624d0000 - 0x00007ffe624da000 	C:\WINDOWS\SYSTEM32\VERSION.dll
0x00007ffe63d20000 - 0x00007ffe63d44000 	C:\WINDOWS\SYSTEM32\WINMM.dll
0x00007ffe5f260000 - 0x00007ffe5f269000 	C:\WINDOWS\SYSTEM32\WSOCK32.dll
0x00007ffe68090000 - 0x00007ffe680ff000 	C:\WINDOWS\System32\WS2_32.dll
0x00007ffe63cf0000 - 0x00007ffe63d1d000 	C:\WINDOWS\SYSTEM32\winmmbase.dll
0x00007ffe67920000 - 0x00007ffe6796a000 	C:\WINDOWS\System32\cfgmgr32.dll
0x00007ffe5cde0000 - 0x00007ffe5cdef000 	C:\Program Files\Android\Jdk\microsoft_dist_openjdk_1.8.0.25\jre\bin\verify.dll
0x00007ffe5b9d0000 - 0x00007ffe5b9f9000 	C:\Program Files\Android\Jdk\microsoft_dist_openjdk_1.8.0.25\jre\bin\java.dll
0x00007ffe5ba20000 - 0x00007ffe5ba36000 	C:\Program Files\Android\Jdk\microsoft_dist_openjdk_1.8.0.25\jre\bin\zip.dll

VM Arguments:
java_command: <unknown>
java_class_path (initial): .
Launcher Type: SUN_STANDARD

Environment Variables:
PATH=C:\Program Files\Android\Jdk\microsoft_dist_openjdk_1.8.0.25\bin;C:\Program Files\Haskell\bin;E:\ProgrammeE\HaskellPlatform\8.6.5\lib\extralibs\bin;E:\ProgrammeE\HaskellPlatform\8.6.5\bin;C:\Program Files (x86)\Python37-32\Scripts\;C:\Program Files (x86)\Python37-32\;C:\Program Files (x86)\Common Files\Oracle\Java\javapath;C:\ProgramData\Oracle\Java\javapath;C:\WINDOWS\system32;C:\WINDOWS;C:\WINDOWS\System32\Wbem;C:\WINDOWS\System32\WindowsPowerShell\v1.0\;C:\WINDOWS\System32\OpenSSH\;E:\ProgrammeE\nodeJS\;C:\Program Files\Java\jdk-12.0.1\bin;C:\Program Files (x86)\scala\bin;C:\Program Files\MiKTeX 2.9\miktex\bin\x64\;C:\Strawberry\c\bin;C:\Strawberry\perl\site\bin;C:\Strawberry\perl\bin;C:\Program Files (x86)\GnuWin32\bin;E:\ProgrammeE\HaskellPlatform\8.6.5\mingw\bin;C:\Program Files\Git\cmd;C:\Program Files\Microsoft SQL Server\120\Tools\Binn\;C:\Program Files\dotnet\;C:\Users\mic20\AppData\Roaming\cabal\bin;C:\Users\mic20\AppData\Roaming\local\bin;C:\Users\mic20\AppData\Local\Microsoft\WindowsApps;C:\Users\mic20\AppData\Roaming\npm;C:\Program Files\Java\jdk-12.0.1\bin;E:\ProgrammeE\CLion 2019.1.2\bin;E:\ProgrammeE\Microsoft VS Code\bin;C:\Users\mic20\AppData\Local\Microsoft\WindowsApps;C:\texlive\2019\bin\win32;C:\Program Files (x86)\Python37-32\python.exe;
USERNAME=mic20
OS=Windows_NT
PROCESSOR_IDENTIFIER=Intel64 Family 6 Model 58 Stepping 9, GenuineIntel



---------------  S Y S T E M  ---------------

OS: Windows 10.0 , 64 bit Build 18362 (10.0.18362.329)

CPU:total 8 (initial active 8) (4 cores per cpu, 2 threads per core) family 6 model 58 stepping 9, cmov, cx8, fxsr, mmx, sse, sse2, sse3, ssse3, sse4.1, sse4.2, popcnt, avx, aes, clmul, erms, ht, tsc, tscinvbit, tscinv

Memory: 4k page, physical 8245308k(2061632k free), swap 9293884k(6136k free)

vm_info: OpenJDK 64-Bit Server VM (25.71-b00) for windows-amd64 JRE (1.8.0-25-microsoft-b00), built on Feb  7 2019 20:09:14 by "builder" with MS VC++ 10.0 (VS2010)

time: Sun Jan 26 23:08:38 2020
timezone: W. Europe Standard Time
elapsed time: 0 seconds (0d 0h 0m 0s)

