#
# There is insufficient memory for the Java Runtime Environment to continue.
# Native memory allocation (malloc) failed to allocate 1538096 bytes for Chunk::new
# Possible reasons:
#   The system is out of physical RAM or swap space
#   The process is running with CompressedOops enabled, and the Java Heap may be blocking the growth of the native heap
# Possible solutions:
#   Reduce memory load on the system
#   Increase physical memory or swap space
#   Check if swap backing store is full
#   Decrease Java heap size (-Xmx/-Xms)
#   Decrease number of Java threads
#   Decrease Java thread stack sizes (-Xss)
#   Set larger code cache with -XX:ReservedCodeCacheSize=
#   JVM is running with Unscaled Compressed Oops mode in which the Java heap is
#     placed in the first 4GB address space. The Java Heap base address is the
#     maximum limit for the native heap growth. Please use -XX:HeapBaseMinAddress
#     to set the Java Heap base and to place the Java Heap above 4GB virtual address.
# This output file may be truncated or incomplete.
#
#  Out of Memory Error (allocation.cpp:389), pid=22888, tid=0x00000000000059e8
#
# JRE version: OpenJDK Runtime Environment (8.0) (build 1.8.0-25-microsoft-b00)
# Java VM: OpenJDK 64-Bit Server VM (25.71-b00 mixed mode windows-amd64 compressed oops)
# Failed to write core dump. Minidumps are not enabled by default on client versions of Windows
#

---------------  T H R E A D  ---------------

Current thread (0x0000000017cd1000):  JavaThread "C2 CompilerThread2" daemon [_thread_in_native, id=23016, stack(0x0000000018790000,0x0000000018890000)]

Stack: [0x0000000018790000,0x0000000018890000]
[error occurred during error reporting (printing stack bounds), id 0xc0000005]

Native frames: (J=compiled Java code, j=interpreted, Vv=VM code, C=native code)


Current CompileTask:
C2:  14891 3331       4       com.android.dx.dex.file.CodeItem::place0 (88 bytes)


---------------  P R O C E S S  ---------------

Java Threads: ( => current thread )
  0x0000000017d64800 JavaThread "Service Thread" daemon [_thread_blocked, id=23024, stack(0x0000000018990000,0x0000000018a90000)]
  0x0000000017cd2800 JavaThread "C1 CompilerThread3" daemon [_thread_in_vm, id=23020, stack(0x0000000018890000,0x0000000018990000)]
=>0x0000000017cd1000 JavaThread "C2 CompilerThread2" daemon [_thread_in_native, id=23016, stack(0x0000000018790000,0x0000000018890000)]
  0x0000000017cc9800 JavaThread "C2 CompilerThread1" daemon [_thread_in_native, id=23012, stack(0x0000000018690000,0x0000000018790000)]
  0x0000000017cbf800 JavaThread "C2 CompilerThread0" daemon [_thread_in_native, id=23008, stack(0x0000000018590000,0x0000000018690000)]
  0x0000000017cbe800 JavaThread "Attach Listener" daemon [_thread_blocked, id=23004, stack(0x0000000018490000,0x0000000018590000)]
  0x0000000017cc5800 JavaThread "Signal Dispatcher" daemon [_thread_blocked, id=23000, stack(0x0000000018390000,0x0000000018490000)]
  0x0000000015ead000 JavaThread "Finalizer" daemon [_thread_blocked, id=22996, stack(0x0000000018190000,0x0000000018290000)]
  0x0000000017cb0800 JavaThread "Reference Handler" daemon [_thread_blocked, id=22992, stack(0x0000000018090000,0x0000000018190000)]
  0x000000000328e800 JavaThread "main" [_thread_in_Java, id=22948, stack(0x00000000030b0000,0x00000000031b0000)]

Other Threads:
  0x0000000015ea8800 VMThread [stack: 0x0000000017b90000,0x0000000017c90000] [id=22988]
  0x0000000017d65800 WatcherThread [stack: 0x0000000018a90000,0x0000000018b90000] [id=23028]

VM state:not at safepoint (normal execution)

VM Mutex/Monitor currently owned by a thread: None

heap address: 0x00000000c0000000, size: 1024 MB, Compressed Oops mode: 32-bit
Narrow klass base: 0x0000000000000000, Narrow klass shift: 3
Compressed class space size: 1073741824 Address: 0x0000000100000000

Heap:
 PSYoungGen      total 241664K, used 67258K [0x00000000eab00000, 0x0000000100000000, 0x0000000100000000)
  eden space 180224K, 37% used [0x00000000eab00000,0x00000000eecaeb18,0x00000000f5b00000)
  from space 61440K, 0% used [0x00000000fc400000,0x00000000fc400000,0x0000000100000000)
  to   space 84480K, 0% used [0x00000000f5b00000,0x00000000f5b00000,0x00000000fad80000)
 ParOldGen       total 164352K, used 164326K [0x00000000c0000000, 0x00000000ca080000, 0x00000000eab00000)
  object space 164352K, 99% used [0x00000000c0000000,0x00000000ca079a28,0x00000000ca080000)
 Metaspace       used 7185K, capacity 7800K, committed 7936K, reserved 1056768K
  class space    used 631K, capacity 688K, committed 768K, reserved 1048576K

Card table byte_map: [0x0000000012750000,0x0000000012960000] byte_map_base: 0x0000000012150000

Marking Bits: (ParMarkBitMap*) 0x0000000066cc8f30
 Begin Bits: [0x00000000132c0000, 0x00000000142c0000)
 End Bits:   [0x00000000142c0000, 0x00000000152c0000)

Polling page: 0x0000000001760000

CodeCache: size=245760Kb used=12832Kb max_used=12832Kb free=232927Kb
 bounds [0x0000000003390000, 0x0000000004030000, 0x0000000012390000]
 total_blobs=3269 nmethods=2993 adapters=189
 compilation: enabled

Compilation events (10 events):
Event: 14.887 Thread 0x0000000017cd2800 3481       1       com.android.dx.dex.file.TypeIdItem::itemType (4 bytes)
Event: 14.887 Thread 0x0000000017cd2800 nmethod 3481 0x0000000003b3f650 code [0x0000000003b3f7a0, 0x0000000003b3f8b0]
Event: 14.887 Thread 0x0000000017cd2800 3482       2       com.android.dx.dex.file.ProtoIdItem::itemType (4 bytes)
Event: 14.887 Thread 0x0000000017cd2800 nmethod 3482 0x0000000003b3f310 code [0x0000000003b3f460, 0x0000000003b3f5b0]
Event: 14.887 Thread 0x0000000017cd2800 3483       1       com.android.dx.dex.file.ProtoIdItem::itemType (4 bytes)
Event: 14.888 Thread 0x0000000017cd2800 nmethod 3483 0x0000000003b3f010 code [0x0000000003b3f160, 0x0000000003b3f270]
Event: 14.888 Thread 0x0000000017cd2800 3484       2       com.android.dx.dex.file.FieldIdItem::itemType (4 bytes)
Event: 14.888 Thread 0x0000000017cd2800 nmethod 3484 0x0000000003935d90 code [0x0000000003935ee0, 0x0000000003936030]
Event: 14.888 Thread 0x0000000017cd2800 3485       1       com.android.dx.dex.file.FieldIdItem::itemType (4 bytes)
Event: 14.889 Thread 0x0000000017cd2800 nmethod 3485 0x0000000003935ad0 code [0x0000000003935c20, 0x0000000003935d30]

GC Heap History (10 events):
Event: 8.354 GC heap before
{Heap before GC invocations=16 (full 4):
 PSYoungGen      total 241664K, used 180224K [0x00000000eab00000, 0x0000000100000000, 0x0000000100000000)
  eden space 180224K, 100% used [0x00000000eab00000,0x00000000f5b00000,0x00000000f5b00000)
  from space 61440K, 0% used [0x00000000fc400000,0x00000000fc400000,0x0000000100000000)
  to   space 84480K, 0% used [0x00000000f5b00000,0x00000000f5b00000,0x00000000fad80000)
 ParOldGen       total 164352K, used 164250K [0x00000000c0000000, 0x00000000ca080000, 0x00000000eab00000)
  object space 164352K, 99% used [0x00000000c0000000,0x00000000ca066a88,0x00000000ca080000)
 Metaspace       used 6711K, capacity 7350K, committed 7552K, reserved 1056768K
  class space    used 609K, capacity 622K, committed 640K, reserved 1048576K
Event: 8.925 GC heap after
Heap after GC invocations=16 (full 4):
 PSYoungGen      total 241664K, used 82837K [0x00000000eab00000, 0x0000000100000000, 0x0000000100000000)
  eden space 180224K, 45% used [0x00000000eab00000,0x00000000efbe56c8,0x00000000f5b00000)
  from space 61440K, 0% used [0x00000000fc400000,0x00000000fc400000,0x0000000100000000)
  to   space 84480K, 0% used [0x00000000f5b00000,0x00000000f5b00000,0x00000000fad80000)
 ParOldGen       total 164352K, used 164249K [0x00000000c0000000, 0x00000000ca080000, 0x00000000eab00000)
  object space 164352K, 99% used [0x00000000c0000000,0x00000000ca066468,0x00000000ca080000)
 Metaspace       used 6711K, capacity 7350K, committed 7552K, reserved 1056768K
  class space    used 609K, capacity 622K, committed 640K, reserved 1048576K
}
Event: 9.118 GC heap before
{Heap before GC invocations=17 (full 5):
 PSYoungGen      total 241664K, used 180224K [0x00000000eab00000, 0x0000000100000000, 0x0000000100000000)
  eden space 180224K, 100% used [0x00000000eab00000,0x00000000f5b00000,0x00000000f5b00000)
  from space 61440K, 0% used [0x00000000fc400000,0x00000000fc400000,0x0000000100000000)
  to   space 84480K, 0% used [0x00000000f5b00000,0x00000000f5b00000,0x00000000fad80000)
 ParOldGen       total 164352K, used 164249K [0x00000000c0000000, 0x00000000ca080000, 0x00000000eab00000)
  object space 164352K, 99% used [0x00000000c0000000,0x00000000ca066468,0x00000000ca080000)
 Metaspace       used 6712K, capacity 7350K, committed 7552K, reserved 1056768K
  class space    used 609K, capacity 622K, committed 640K, reserved 1048576K
Event: 9.670 GC heap after
Heap after GC invocations=17 (full 5):
 PSYoungGen      total 241664K, used 96227K [0x00000000eab00000, 0x0000000100000000, 0x0000000100000000)
  eden space 180224K, 53% used [0x00000000eab00000,0x00000000f08f8e88,0x00000000f5b00000)
  from space 61440K, 0% used [0x00000000fc400000,0x00000000fc400000,0x0000000100000000)
  to   space 84480K, 0% used [0x00000000f5b00000,0x00000000f5b00000,0x00000000fad80000)
 ParOldGen       total 164352K, used 164248K [0x00000000c0000000, 0x00000000ca080000, 0x00000000eab00000)
  object space 164352K, 99% used [0x00000000c0000000,0x00000000ca0660c8,0x00000000ca080000)
 Metaspace       used 6712K, capacity 7350K, committed 7552K, reserved 1056768K
  class space    used 609K, capacity 622K, committed 640K, reserved 1048576K
}
Event: 9.845 GC heap before
{Heap before GC invocations=18 (full 6):
 PSYoungGen      total 241664K, used 180224K [0x00000000eab00000, 0x0000000100000000, 0x0000000100000000)
  eden space 180224K, 100% used [0x00000000eab00000,0x00000000f5b00000,0x00000000f5b00000)
  from space 61440K, 0% used [0x00000000fc400000,0x00000000fc400000,0x0000000100000000)
  to   space 84480K, 0% used [0x00000000f5b00000,0x00000000f5b00000,0x00000000fad80000)
 ParOldGen       total 164352K, used 164248K [0x00000000c0000000, 0x00000000ca080000, 0x00000000eab00000)
  object space 164352K, 99% used [0x00000000c0000000,0x00000000ca0660c8,0x00000000ca080000)
 Metaspace       used 6716K, capacity 7350K, committed 7552K, reserved 1056768K
  class space    used 610K, capacity 622K, committed 640K, reserved 1048576K
Event: 10.362 GC heap after
Heap after GC invocations=18 (full 6):
 PSYoungGen      total 241664K, used 108049K [0x00000000eab00000, 0x0000000100000000, 0x0000000100000000)
  eden space 180224K, 59% used [0x00000000eab00000,0x00000000f14847e8,0x00000000f5b00000)
  from space 61440K, 0% used [0x00000000fc400000,0x00000000fc400000,0x0000000100000000)
  to   space 84480K, 0% used [0x00000000f5b00000,0x00000000f5b00000,0x00000000fad80000)
 ParOldGen       total 164352K, used 164247K [0x00000000c0000000, 0x00000000ca080000, 0x00000000eab00000)
  object space 164352K, 99% used [0x00000000c0000000,0x00000000ca065e78,0x00000000ca080000)
 Metaspace       used 6716K, capacity 7350K, committed 7552K, reserved 1056768K
  class space    used 610K, capacity 622K, committed 640K, reserved 1048576K
}
Event: 10.751 GC heap before
{Heap before GC invocations=19 (full 7):
 PSYoungGen      total 241664K, used 180224K [0x00000000eab00000, 0x0000000100000000, 0x0000000100000000)
  eden space 180224K, 100% used [0x00000000eab00000,0x00000000f5b00000,0x00000000f5b00000)
  from space 61440K, 0% used [0x00000000fc400000,0x00000000fc400000,0x0000000100000000)
  to   space 84480K, 0% used [0x00000000f5b00000,0x00000000f5b00000,0x00000000fad80000)
 ParOldGen       total 164352K, used 164247K [0x00000000c0000000, 0x00000000ca080000, 0x00000000eab00000)
  object space 164352K, 99% used [0x00000000c0000000,0x00000000ca065e78,0x00000000ca080000)
 Metaspace       used 6817K, capacity 7448K, committed 7680K, reserved 1056768K
  class space    used 615K, capacity 656K, committed 768K, reserved 1048576K
Event: 12.692 GC heap after
Heap after GC invocations=19 (full 7):
 PSYoungGen      total 241664K, used 112811K [0x00000000eab00000, 0x0000000100000000, 0x0000000100000000)
  eden space 180224K, 62% used [0x00000000eab00000,0x00000000f192acb0,0x00000000f5b00000)
  from space 61440K, 0% used [0x00000000fc400000,0x00000000fc400000,0x0000000100000000)
  to   space 84480K, 0% used [0x00000000f5b00000,0x00000000f5b00000,0x00000000fad80000)
 ParOldGen       total 164352K, used 164190K [0x00000000c0000000, 0x00000000ca080000, 0x00000000eab00000)
  object space 164352K, 99% used [0x00000000c0000000,0x00000000ca057860,0x00000000ca080000)
 Metaspace       used 6817K, capacity 7448K, committed 7680K, reserved 1056768K
  class space    used 615K, capacity 656K, committed 768K, reserved 1048576K
}
Event: 13.766 GC heap before
{Heap before GC invocations=20 (full 8):
 PSYoungGen      total 241664K, used 180224K [0x00000000eab00000, 0x0000000100000000, 0x0000000100000000)
  eden space 180224K, 100% used [0x00000000eab00000,0x00000000f5b00000,0x00000000f5b00000)
  from space 61440K, 0% used [0x00000000fc400000,0x00000000fc400000,0x0000000100000000)
  to   space 84480K, 0% used [0x00000000f5b00000,0x00000000f5b00000,0x00000000fad80000)
 ParOldGen       total 164352K, used 164190K [0x00000000c0000000, 0x00000000ca080000, 0x00000000eab00000)
  object space 164352K, 99% used [0x00000000c0000000,0x00000000ca057860,0x00000000ca080000)
 Metaspace       used 7084K, capacity 7672K, committed 7936K, reserved 1056768K
  class space    used 628K, capacity 688K, committed 768K, reserved 1048576K
Event: 14.542 GC heap after
Heap after GC invocations=20 (full 8):
 PSYoungGen      total 241664K, used 21088K [0x00000000eab00000, 0x0000000100000000, 0x0000000100000000)
  eden space 180224K, 11% used [0x00000000eab00000,0x00000000ebf98078,0x00000000f5b00000)
  from space 61440K, 0% used [0x00000000fc400000,0x00000000fc400000,0x0000000100000000)
  to   space 84480K, 0% used [0x00000000f5b00000,0x00000000f5b00000,0x00000000fad80000)
 ParOldGen       total 164352K, used 164326K [0x00000000c0000000, 0x00000000ca080000, 0x00000000eab00000)
  object space 164352K, 99% used [0x00000000c0000000,0x00000000ca079a28,0x00000000ca080000)
 Metaspace       used 7084K, capacity 7672K, committed 7936K, reserved 1056768K
  class space    used 628K, capacity 688K, committed 768K, reserved 1048576K
}

Deoptimization events (10 events):
Event: 13.554 Thread 0x000000000328e800 Uncommon trap: reason=array_check action=maybe_recompile pc=0x0000000003f4c3d8 method=java.util.ComparableTimSort.binarySort([Ljava/lang/Object;III)V @ 215
Event: 13.559 Thread 0x000000000328e800 Uncommon trap: reason=array_check action=maybe_recompile pc=0x0000000003f4c3d8 method=java.util.ComparableTimSort.binarySort([Ljava/lang/Object;III)V @ 215
Event: 13.559 Thread 0x000000000328e800 Uncommon trap: reason=array_check action=maybe_recompile pc=0x0000000003f4c49c method=java.util.ComparableTimSort.binarySort([Ljava/lang/Object;III)V @ 193
Event: 13.560 Thread 0x000000000328e800 Uncommon trap: reason=array_check action=maybe_recompile pc=0x0000000003f4c564 method=java.util.ComparableTimSort.binarySort([Ljava/lang/Object;III)V @ 183
Event: 13.570 Thread 0x000000000328e800 Uncommon trap: reason=array_check action=maybe_recompile pc=0x0000000003f4c49c method=java.util.ComparableTimSort.binarySort([Ljava/lang/Object;III)V @ 193
Event: 13.638 Thread 0x000000000328e800 Uncommon trap: reason=unstable_if action=reinterpret pc=0x0000000003f6baf8 method=com.android.dx.dex.code.LocalList$MakeState.filterSpec(Lcom/android/dx/rop/code/RegisterSpec;)Lcom/android/dx/rop/code/RegisterSpec; @ 11
Event: 13.749 Thread 0x000000000328e800 Uncommon trap: reason=unstable_if action=reinterpret pc=0x0000000003f83a74 method=com.android.dx.rop.code.RegisterSpec.matchesVariable(Lcom/android/dx/rop/code/RegisterSpec;)Z @ 59
Event: 14.816 Thread 0x000000000328e800 Uncommon trap: reason=unstable_if action=reinterpret pc=0x0000000004015018 method=com.android.dx.dex.file.DebugInfoEncoder.emitLocalsAtAddress(I)I @ 137
Event: 14.831 Thread 0x000000000328e800 Uncommon trap: reason=unstable_if action=reinterpret pc=0x0000000003784a34 method=java.lang.Long.numberOfTrailingZeros(J)I @ 3
Event: 14.845 Thread 0x000000000328e800 Uncommon trap: reason=unstable_if action=reinterpret pc=0x0000000003ff3928 method=com.android.dx.util.ByteArrayAnnotatedOutput.ensureCapacity(I)V @ 6

Classes redefined (0 events):
No events

Internal exceptions (6 events):
Event: 0.032 Thread 0x000000000328e800 Exception <a 'java/lang/NoSuchMethodError': Method sun.misc.Unsafe.defineClass(Ljava/lang/String;[BII)Ljava/lang/Class; name or signature does not match> (0x00000000eab07cb0) thrown at [D:\j\worksp~1\openjd~3\jdk8u\hotspot\src\share\vm\prims\jni.cpp, line
Event: 0.032 Thread 0x000000000328e800 Exception <a 'java/lang/NoSuchMethodError': Method sun.misc.Unsafe.prefetchRead(Ljava/lang/Object;J)V name or signature does not match> (0x00000000eab07f98) thrown at [D:\j\worksp~1\openjd~3\jdk8u\hotspot\src\share\vm\prims\jni.cpp, line 4012]
Event: 0.913 Thread 0x000000000328e800 Implicit null exception at 0x0000000003636ba2 to 0x0000000003636c92
Event: 1.924 Thread 0x000000000328e800 Exception <a 'java/lang/ArrayIndexOutOfBoundsException': 18> (0x00000000f0673b48) thrown at [D:\j\worksp~1\openjd~3\jdk8u\hotspot\src\share\vm\interpreter\interpreterRuntime.cpp, line 368]
Event: 1.924 Thread 0x000000000328e800 Exception <a 'java/lang/ArrayIndexOutOfBoundsException': 145> (0x00000000f06756c8) thrown at [D:\j\worksp~1\openjd~3\jdk8u\hotspot\src\share\vm\interpreter\interpreterRuntime.cpp, line 368]
Event: 1.925 Thread 0x000000000328e800 Exception <a 'java/lang/ArrayIndexOutOfBoundsException': 40> (0x00000000f06769b0) thrown at [D:\j\worksp~1\openjd~3\jdk8u\hotspot\src\share\vm\interpreter\interpreterRuntime.cpp, line 368]

Events (10 events):
Event: 14.832 Thread 0x0000000017cd2800 flushing nmethod 0x00000000037ee490
Event: 14.837 Thread 0x0000000017cd2800 flushing nmethod 0x0000000003910510
Event: 14.837 Thread 0x0000000017cd2800 flushing nmethod 0x000000000392db50
Event: 14.841 Thread 0x0000000017cd2800 flushing nmethod 0x0000000003b3f010
Event: 14.841 Thread 0x0000000017cd2800 flushing nmethod 0x0000000003c5bd50
Event: 14.845 Thread 0x000000000328e800 Uncommon trap: trap_request=0xffffff65 fr.pc=0x0000000003ff3928
Event: 14.845 Thread 0x000000000328e800 DEOPT PACKING pc=0x0000000003ff3928 sp=0x00000000031ae8d0
Event: 14.845 Thread 0x000000000328e800 DEOPT UNPACKING pc=0x00000000033d557b sp=0x00000000031ae808 mode 2
Event: 14.879 loading class com/android/dx/dex/file/MapItem
Event: 14.879 loading class com/android/dx/dex/file/MapItem done


Dynamic libraries:
0x00007ff601e60000 - 0x00007ff601e95000 	C:\Program Files\Android\Jdk\microsoft_dist_openjdk_1.8.0.25\bin\java.exe
0x00007ffe698c0000 - 0x00007ffe69ab0000 	C:\WINDOWS\SYSTEM32\ntdll.dll
0x00007ffe67970000 - 0x00007ffe67a22000 	C:\WINDOWS\System32\KERNEL32.DLL
0x00007ffe66c80000 - 0x00007ffe66f23000 	C:\WINDOWS\System32\KERNELBASE.dll
0x00007ffe697d0000 - 0x00007ffe69873000 	C:\WINDOWS\System32\ADVAPI32.dll
0x00007ffe68180000 - 0x00007ffe6821e000 	C:\WINDOWS\System32\msvcrt.dll
0x00007ffe68450000 - 0x00007ffe684e7000 	C:\WINDOWS\System32\sechost.dll
0x00007ffe67f70000 - 0x00007ffe68090000 	C:\WINDOWS\System32\RPCRT4.dll
0x00007ffe67d70000 - 0x00007ffe67f04000 	C:\WINDOWS\System32\USER32.dll
0x00007ffe66c50000 - 0x00007ffe66c71000 	C:\WINDOWS\System32\win32u.dll
0x00007ffe68740000 - 0x00007ffe68766000 	C:\WINDOWS\System32\GDI32.dll
0x00007ffe676b0000 - 0x00007ffe67844000 	C:\WINDOWS\System32\gdi32full.dll
0x00007ffe67850000 - 0x00007ffe678ee000 	C:\WINDOWS\System32\msvcp_win.dll
0x00007ffe66850000 - 0x00007ffe6694a000 	C:\WINDOWS\System32\ucrtbase.dll
0x00007ffe65c40000 - 0x00007ffe65ec5000 	C:\WINDOWS\WinSxS\amd64_microsoft.windows.common-controls_6595b64144ccf1df_6.0.18362.592_none_e6c0b1911312be02\COMCTL32.dll
0x00007ffe67a30000 - 0x00007ffe67d66000 	C:\WINDOWS\System32\combase.dll
0x00007ffe66a60000 - 0x00007ffe66ae0000 	C:\WINDOWS\System32\bcryptPrimitives.dll
0x00007ffe69740000 - 0x00007ffe6976e000 	C:\WINDOWS\System32\IMM32.DLL
0x0000000066d50000 - 0x0000000066e21000 	C:\Program Files\Android\Jdk\microsoft_dist_openjdk_1.8.0.25\jre\bin\msvcr100.dll
0x0000000066500000 - 0x0000000066d45000 	C:\Program Files\Android\Jdk\microsoft_dist_openjdk_1.8.0.25\jre\bin\server\jvm.dll
0x00007ffe68170000 - 0x00007ffe68178000 	C:\WINDOWS\System32\PSAPI.DLL
0x00007ffe624d0000 - 0x00007ffe624da000 	C:\WINDOWS\SYSTEM32\VERSION.dll
0x00007ffe63d20000 - 0x00007ffe63d44000 	C:\WINDOWS\SYSTEM32\WINMM.dll
0x00007ffe5cde0000 - 0x00007ffe5cde9000 	C:\WINDOWS\SYSTEM32\WSOCK32.dll
0x00007ffe68090000 - 0x00007ffe680ff000 	C:\WINDOWS\System32\WS2_32.dll
0x00007ffe63cf0000 - 0x00007ffe63d1d000 	C:\WINDOWS\SYSTEM32\WINMMBASE.dll
0x00007ffe67920000 - 0x00007ffe6796a000 	C:\WINDOWS\System32\cfgmgr32.dll
0x00007ffe5bb30000 - 0x00007ffe5bb3f000 	C:\Program Files\Android\Jdk\microsoft_dist_openjdk_1.8.0.25\jre\bin\verify.dll
0x00007ffe5ba40000 - 0x00007ffe5ba69000 	C:\Program Files\Android\Jdk\microsoft_dist_openjdk_1.8.0.25\jre\bin\java.dll
0x00007ffe5ba20000 - 0x00007ffe5ba36000 	C:\Program Files\Android\Jdk\microsoft_dist_openjdk_1.8.0.25\jre\bin\zip.dll
0x00007ffe68de0000 - 0x00007ffe694c5000 	C:\WINDOWS\System32\SHELL32.dll
0x00007ffe68d30000 - 0x00007ffe68dd9000 	C:\WINDOWS\System32\shcore.dll
0x00007ffe66f30000 - 0x00007ffe676af000 	C:\WINDOWS\System32\windows.storage.dll
0x00007ffe667a0000 - 0x00007ffe667bf000 	C:\WINDOWS\System32\profapi.dll
0x00007ffe66800000 - 0x00007ffe6684a000 	C:\WINDOWS\System32\powrprof.dll
0x00007ffe66790000 - 0x00007ffe667a0000 	C:\WINDOWS\System32\UMPDC.dll
0x00007ffe694d0000 - 0x00007ffe69522000 	C:\WINDOWS\System32\shlwapi.dll
0x00007ffe667e0000 - 0x00007ffe667f1000 	C:\WINDOWS\System32\kernel.appcore.dll
0x00007ffe66ae0000 - 0x00007ffe66af7000 	C:\WINDOWS\System32\cryptsp.dll

VM Arguments:
jvm_args: -Dfile.encoding=UTF8 -Xmx1G 
java_command: C:\Program Files (x86)\Android\android-sdk\build-tools\28.0.3\\lib\dx.jar --dex --no-strict --input-list=C:\Users\mic20\AppData\Local\Temp\tmp3483.tmp --output obj\Debug\90\android\bin
java_class_path (initial): C:\Program Files (x86)\Android\android-sdk\build-tools\28.0.3\\lib\dx.jar
Launcher Type: SUN_STANDARD

Environment Variables:
PATH=C:\Program Files\Android\Jdk\microsoft_dist_openjdk_1.8.0.25\bin;C:\Program Files\Haskell\bin;E:\ProgrammeE\HaskellPlatform\8.6.5\lib\extralibs\bin;E:\ProgrammeE\HaskellPlatform\8.6.5\bin;C:\Program Files (x86)\Python37-32\Scripts\;C:\Program Files (x86)\Python37-32\;C:\Program Files (x86)\Common Files\Oracle\Java\javapath;C:\ProgramData\Oracle\Java\javapath;C:\WINDOWS\system32;C:\WINDOWS;C:\WINDOWS\System32\Wbem;C:\WINDOWS\System32\WindowsPowerShell\v1.0\;C:\WINDOWS\System32\OpenSSH\;E:\ProgrammeE\nodeJS\;C:\Program Files\Java\jdk-12.0.1\bin;C:\Program Files (x86)\scala\bin;C:\Program Files\MiKTeX 2.9\miktex\bin\x64\;C:\Strawberry\c\bin;C:\Strawberry\perl\site\bin;C:\Strawberry\perl\bin;C:\Program Files (x86)\GnuWin32\bin;E:\ProgrammeE\HaskellPlatform\8.6.5\mingw\bin;C:\Program Files\Git\cmd;C:\Program Files\Microsoft SQL Server\120\Tools\Binn\;C:\Program Files\dotnet\;C:\Users\mic20\AppData\Roaming\cabal\bin;C:\Users\mic20\AppData\Roaming\local\bin;C:\Users\mic20\AppData\Local\Microsoft\WindowsApps;C:\Users\mic20\AppData\Roaming\npm;C:\Program Files\Java\jdk-12.0.1\bin;E:\ProgrammeE\CLion 2019.1.2\bin;E:\ProgrammeE\Microsoft VS Code\bin;C:\Users\mic20\AppData\Local\Microsoft\WindowsApps;C:\texlive\2019\bin\win32;C:\Program Files (x86)\Python37-32\python.exe;
USERNAME=mic20
OS=Windows_NT
PROCESSOR_IDENTIFIER=Intel64 Family 6 Model 58 Stepping 9, GenuineIntel



---------------  S Y S T E M  ---------------

OS: Windows 10.0 , 64 bit Build 18362 (10.0.18362.329)

CPU:total 8 (initial active 8) (4 cores per cpu, 2 threads per core) family 6 model 58 stepping 9, cmov, cx8, fxsr, mmx, sse, sse2, sse3, ssse3, sse4.1, sse4.2, popcnt, avx, aes, clmul, erms, ht, tsc, tscinvbit, tscinv

Memory: 4k page, physical 8245308k(1691588k free), swap 9293884k(5264k free)

vm_info: OpenJDK 64-Bit Server VM (25.71-b00) for windows-amd64 JRE (1.8.0-25-microsoft-b00), built on Feb  7 2019 20:09:14 by "builder" with MS VC++ 10.0 (VS2010)

time: Sun Jan 26 23:10:51 2020
timezone: W. Europe Standard Time
elapsed time: 14 seconds (0d 0h 0m 14s)

