#
# There is insufficient memory for the Java Runtime Environment to continue.
# Native memory allocation (malloc) failed to allocate 2085456 bytes for Chunk::new
# Possible reasons:
#   The system is out of physical RAM or swap space
#   The process is running with CompressedOops enabled, and the Java Heap may be blocking the growth of the native heap
# Possible solutions:
#   Reduce memory load on the system
#   Increase physical memory or swap space
#   Check if swap backing store is full
#   Decrease Java heap size (-Xmx/-Xms)
#   Decrease number of Java threads
#   Decrease Java thread stack sizes (-Xss)
#   Set larger code cache with -XX:ReservedCodeCacheSize=
#   JVM is running with Unscaled Compressed Oops mode in which the Java heap is
#     placed in the first 4GB address space. The Java Heap base address is the
#     maximum limit for the native heap growth. Please use -XX:HeapBaseMinAddress
#     to set the Java Heap base and to place the Java Heap above 4GB virtual address.
# This output file may be truncated or incomplete.
#
#  Out of Memory Error (allocation.cpp:389), pid=17840, tid=0x0000000000004794
#
# JRE version: OpenJDK Runtime Environment (8.0) (build 1.8.0-25-microsoft-b00)
# Java VM: OpenJDK 64-Bit Server VM (25.71-b00 mixed mode windows-amd64 compressed oops)
# Failed to write core dump. Minidumps are not enabled by default on client versions of Windows
#

---------------  T H R E A D  ---------------

Current thread (0x0000000019ef2800):  JavaThread "C2 CompilerThread0" daemon [_thread_in_native, id=18324, stack(0x000000001a7c0000,0x000000001a8c0000)]

Stack: [0x000000001a7c0000,0x000000001a8c0000]
[error occurred during error reporting (printing stack bounds), id 0xc0000005]

Native frames: (J=compiled Java code, j=interpreted, Vv=VM code, C=native code)


Current CompileTask:
C2:   5092 1818   !   4       com.sun.tools.javac.code.Symbol$VarSymbol::getConstValue (73 bytes)


---------------  P R O C E S S  ---------------

Java Threads: ( => current thread )
  0x0000000019f8e000 JavaThread "Service Thread" daemon [_thread_blocked, id=21532, stack(0x000000001abc0000,0x000000001acc0000)]
  0x0000000019efd000 JavaThread "C1 CompilerThread3" daemon [_thread_in_vm, id=19672, stack(0x000000001aac0000,0x000000001abc0000)]
  0x0000000019ef8800 JavaThread "C2 CompilerThread2" daemon [_thread_in_native, id=9236, stack(0x000000001a9c0000,0x000000001aac0000)]
  0x0000000019ef8000 JavaThread "C2 CompilerThread1" daemon [_thread_in_native, id=14420, stack(0x000000001a8c0000,0x000000001a9c0000)]
=>0x0000000019ef2800 JavaThread "C2 CompilerThread0" daemon [_thread_in_native, id=18324, stack(0x000000001a7c0000,0x000000001a8c0000)]
  0x0000000019ef0000 JavaThread "Attach Listener" daemon [_thread_blocked, id=12612, stack(0x000000001a6c0000,0x000000001a7c0000)]
  0x0000000019eef000 JavaThread "Signal Dispatcher" daemon [_thread_blocked, id=5624, stack(0x000000001a5c0000,0x000000001a6c0000)]
  0x0000000019ee0800 JavaThread "Finalizer" daemon [_thread_blocked, id=2124, stack(0x000000001a3c0000,0x000000001a4c0000)]
  0x00000000031a8000 JavaThread "Reference Handler" daemon [_thread_blocked, id=16960, stack(0x000000001a2c0000,0x000000001a3c0000)]
  0x00000000016ee800 JavaThread "main" [_thread_in_Java, id=5396, stack(0x0000000002fb0000,0x00000000030b0000)]

Other Threads:
  0x00000000180c6000 VMThread [stack: 0x0000000019dc0000,0x0000000019ec0000] [id=20188]
  0x0000000019f8f000 WatcherThread [stack: 0x000000001acc0000,0x000000001adc0000] [id=3500]

VM state:not at safepoint (normal execution)

VM Mutex/Monitor currently owned by a thread: None

heap address: 0x0000000082200000, size: 2014 MB, Compressed Oops mode: 32-bit
Narrow klass base: 0x0000000000000000, Narrow klass shift: 3
Compressed class space size: 1073741824 Address: 0x0000000100000000

Heap:
 PSYoungGen      total 24064K, used 13325K [0x00000000d6100000, 0x00000000d8400000, 0x0000000100000000)
  eden space 15360K, 53% used [0x00000000d6100000,0x00000000d6917808,0x00000000d7000000)
  from space 8704K, 57% used [0x00000000d7000000,0x00000000d74ebfd8,0x00000000d7880000)
  to   space 9216K, 0% used [0x00000000d7b00000,0x00000000d7b00000,0x00000000d8400000)
 ParOldGen       total 29696K, used 22663K [0x0000000082200000, 0x0000000083f00000, 0x00000000d6100000)
  object space 29696K, 76% used [0x0000000082200000,0x0000000083821f98,0x0000000083f00000)
 Metaspace       used 9092K, capacity 9780K, committed 9984K, reserved 1062912K
  class space    used 970K, capacity 1008K, committed 1024K, reserved 1048576K

Card table byte_map: [0x0000000012570000,0x0000000012960000] byte_map_base: 0x000000001215f000

Marking Bits: (ParMarkBitMap*) 0x0000000066be8f30
 Begin Bits: [0x0000000013400000, 0x0000000015378000)
 End Bits:   [0x0000000015378000, 0x00000000172f0000)

Polling page: 0x0000000001290000

CodeCache: size=245760Kb used=8048Kb max_used=8048Kb free=237711Kb
 bounds [0x00000000031b0000, 0x00000000039a0000, 0x00000000121b0000]
 total_blobs=2274 nmethods=1976 adapters=211
 compilation: enabled

Compilation events (10 events):
Event: 5.082 Thread 0x0000000019efd000 1977       3       com.sun.tools.javac.code.Types::isSubtypeUncheckedInternal (166 bytes)
Event: 5.083 Thread 0x0000000019efd000 nmethod 1977 0x000000000398c490 code [0x000000000398c820, 0x000000000398e6c8]
Event: 5.083 Thread 0x0000000019efd000 1974       3       com.sun.tools.javac.comp.Check::checkNonVoid (35 bytes)
Event: 5.084 Thread 0x0000000019efd000 nmethod 1974 0x000000000398f1d0 code [0x000000000398f3c0, 0x000000000398fc78]
Event: 5.084 Thread 0x0000000019efd000 1980       3       java.io.WinNTFileSystem::slashify (43 bytes)
Event: 5.085 Thread 0x0000000019efd000 nmethod 1980 0x00000000039900d0 code [0x0000000003990300, 0x0000000003991168]
Event: 5.085 Thread 0x0000000019efd000 1978       3       com.sun.tools.javac.comp.Attr::validateTypeAnnotations (14 bytes)
Event: 5.086 Thread 0x0000000019efd000 nmethod 1978 0x0000000003991910 code [0x0000000003991aa0, 0x0000000003991ec8]
Event: 5.086 Thread 0x0000000019efd000 1979       3       com.sun.tools.javac.comp.Attr$TypeAnnotationsValidator::<init> (15 bytes)
Event: 5.086 Thread 0x0000000019efd000 nmethod 1979 0x00000000039920d0 code [0x0000000003992240, 0x00000000039924d0]

GC Heap History (10 events):
Event: 3.877 GC heap before
{Heap before GC invocations=12 (full 2):
 PSYoungGen      total 17408K, used 3042K [0x00000000d6100000, 0x00000000d7980000, 0x0000000100000000)
  eden space 14336K, 0% used [0x00000000d6100000,0x00000000d6100000,0x00000000d6f00000)
  from space 3072K, 99% used [0x00000000d7380000,0x00000000d7678bb8,0x00000000d7680000)
  to   space 4608K, 0% used [0x00000000d6f00000,0x00000000d6f00000,0x00000000d7380000)
 ParOldGen       total 11264K, used 9238K [0x0000000082200000, 0x0000000082d00000, 0x00000000d6100000)
  object space 11264K, 82% used [0x0000000082200000,0x0000000082b05828,0x0000000082d00000)
 Metaspace       used 7503K, capacity 8372K, committed 8576K, reserved 1062912K
  class space    used 862K, capacity 880K, committed 896K, reserved 1048576K
Event: 3.928 GC heap after
Heap after GC invocations=12 (full 2):
 PSYoungGen      total 17408K, used 993K [0x00000000d6100000, 0x00000000d7980000, 0x0000000100000000)
  eden space 14336K, 0% used [0x00000000d6100000,0x00000000d6100000,0x00000000d6f00000)
  from space 3072K, 32% used [0x00000000d7380000,0x00000000d7478680,0x00000000d7680000)
  to   space 4608K, 0% used [0x00000000d6f00000,0x00000000d6f00000,0x00000000d7380000)
 ParOldGen       total 17920K, used 11098K [0x0000000082200000, 0x0000000083380000, 0x00000000d6100000)
  object space 17920K, 61% used [0x0000000082200000,0x0000000082cd6970,0x0000000083380000)
 Metaspace       used 7503K, capacity 8372K, committed 8576K, reserved 1062912K
  class space    used 862K, capacity 880K, committed 896K, reserved 1048576K
}
Event: 4.050 GC heap before
{Heap before GC invocations=13 (full 2):
 PSYoungGen      total 17408K, used 15329K [0x00000000d6100000, 0x00000000d7980000, 0x0000000100000000)
  eden space 14336K, 100% used [0x00000000d6100000,0x00000000d6f00000,0x00000000d6f00000)
  from space 3072K, 32% used [0x00000000d7380000,0x00000000d7478680,0x00000000d7680000)
  to   space 4608K, 0% used [0x00000000d6f00000,0x00000000d6f00000,0x00000000d7380000)
 ParOldGen       total 17920K, used 11098K [0x0000000082200000, 0x0000000083380000, 0x00000000d6100000)
  object space 17920K, 61% used [0x0000000082200000,0x0000000082cd6970,0x0000000083380000)
 Metaspace       used 7796K, capacity 8596K, committed 8960K, reserved 1062912K
  class space    used 878K, capacity 912K, committed 1024K, reserved 1048576K
Event: 4.054 GC heap after
Heap after GC invocations=13 (full 2):
 PSYoungGen      total 18944K, used 4598K [0x00000000d6100000, 0x00000000d7e80000, 0x0000000100000000)
  eden space 14336K, 0% used [0x00000000d6100000,0x00000000d6100000,0x00000000d6f00000)
  from space 4608K, 99% used [0x00000000d6f00000,0x00000000d737dbb8,0x00000000d7380000)
  to   space 6144K, 0% used [0x00000000d7880000,0x00000000d7880000,0x00000000d7e80000)
 ParOldGen       total 17920K, used 13141K [0x0000000082200000, 0x0000000083380000, 0x00000000d6100000)
  object space 17920K, 73% used [0x0000000082200000,0x0000000082ed5758,0x0000000083380000)
 Metaspace       used 7796K, capacity 8596K, committed 8960K, reserved 1062912K
  class space    used 878K, capacity 912K, committed 1024K, reserved 1048576K
}
Event: 4.164 GC heap before
{Heap before GC invocations=14 (full 2):
 PSYoungGen      total 18944K, used 18934K [0x00000000d6100000, 0x00000000d7e80000, 0x0000000100000000)
  eden space 14336K, 100% used [0x00000000d6100000,0x00000000d6f00000,0x00000000d6f00000)
  from space 4608K, 99% used [0x00000000d6f00000,0x00000000d737dbb8,0x00000000d7380000)
  to   space 6144K, 0% used [0x00000000d7880000,0x00000000d7880000,0x00000000d7e80000)
 ParOldGen       total 17920K, used 13141K [0x0000000082200000, 0x0000000083380000, 0x00000000d6100000)
  object space 17920K, 73% used [0x0000000082200000,0x0000000082ed5758,0x0000000083380000)
 Metaspace       used 7987K, capacity 8788K, committed 8960K, reserved 1062912K
  class space    used 881K, capacity 912K, committed 1024K, reserved 1048576K
Event: 4.172 GC heap after
Heap after GC invocations=14 (full 2):
 PSYoungGen      total 21504K, used 6114K [0x00000000d6100000, 0x00000000d8500000, 0x0000000100000000)
  eden space 15360K, 0% used [0x00000000d6100000,0x00000000d6100000,0x00000000d7000000)
  from space 6144K, 99% used [0x00000000d7880000,0x00000000d7e78b60,0x00000000d7e80000)
  to   space 8704K, 0% used [0x00000000d7000000,0x00000000d7000000,0x00000000d7880000)
 ParOldGen       total 19968K, used 18042K [0x0000000082200000, 0x0000000083580000, 0x00000000d6100000)
  object space 19968K, 90% used [0x0000000082200000,0x000000008339ea00,0x0000000083580000)
 Metaspace       used 7987K, capacity 8788K, committed 8960K, reserved 1062912K
  class space    used 881K, capacity 912K, committed 1024K, reserved 1048576K
}
Event: 4.172 GC heap before
{Heap before GC invocations=15 (full 3):
 PSYoungGen      total 21504K, used 6114K [0x00000000d6100000, 0x00000000d8500000, 0x0000000100000000)
  eden space 15360K, 0% used [0x00000000d6100000,0x00000000d6100000,0x00000000d7000000)
  from space 6144K, 99% used [0x00000000d7880000,0x00000000d7e78b60,0x00000000d7e80000)
  to   space 8704K, 0% used [0x00000000d7000000,0x00000000d7000000,0x00000000d7880000)
 ParOldGen       total 19968K, used 18042K [0x0000000082200000, 0x0000000083580000, 0x00000000d6100000)
  object space 19968K, 90% used [0x0000000082200000,0x000000008339ea00,0x0000000083580000)
 Metaspace       used 7987K, capacity 8788K, committed 8960K, reserved 1062912K
  class space    used 881K, capacity 912K, committed 1024K, reserved 1048576K
Event: 4.251 GC heap after
Heap after GC invocations=15 (full 3):
 PSYoungGen      total 21504K, used 3006K [0x00000000d6100000, 0x00000000d8500000, 0x0000000100000000)
  eden space 15360K, 0% used [0x00000000d6100000,0x00000000d6100000,0x00000000d7000000)
  from space 6144K, 48% used [0x00000000d7880000,0x00000000d7b6fb90,0x00000000d7e80000)
  to   space 8704K, 0% used [0x00000000d7000000,0x00000000d7000000,0x00000000d7880000)
 ParOldGen       total 29696K, used 19484K [0x0000000082200000, 0x0000000083f00000, 0x00000000d6100000)
  object space 29696K, 65% used [0x0000000082200000,0x0000000083507268,0x0000000083f00000)
 Metaspace       used 7987K, capacity 8788K, committed 8960K, reserved 1062912K
  class space    used 881K, capacity 912K, committed 1024K, reserved 1048576K
}
Event: 4.411 GC heap before
{Heap before GC invocations=16 (full 3):
 PSYoungGen      total 21504K, used 18366K [0x00000000d6100000, 0x00000000d8500000, 0x0000000100000000)
  eden space 15360K, 100% used [0x00000000d6100000,0x00000000d7000000,0x00000000d7000000)
  from space 6144K, 48% used [0x00000000d7880000,0x00000000d7b6fb90,0x00000000d7e80000)
  to   space 8704K, 0% used [0x00000000d7000000,0x00000000d7000000,0x00000000d7880000)
 ParOldGen       total 29696K, used 19484K [0x0000000082200000, 0x0000000083f00000, 0x00000000d6100000)
  object space 29696K, 65% used [0x0000000082200000,0x0000000083507268,0x0000000083f00000)
 Metaspace       used 8174K, capacity 8916K, committed 9216K, reserved 1062912K
  class space    used 890K, capacity 912K, committed 1024K, reserved 1048576K
Event: 4.417 GC heap after
Heap after GC invocations=16 (full 3):
 PSYoungGen      total 24064K, used 5039K [0x00000000d6100000, 0x00000000d8400000, 0x0000000100000000)
  eden space 15360K, 0% used [0x00000000d6100000,0x00000000d6100000,0x00000000d7000000)
  from space 8704K, 57% used [0x00000000d7000000,0x00000000d74ebfd8,0x00000000d7880000)
  to   space 9216K, 0% used [0x00000000d7b00000,0x00000000d7b00000,0x00000000d8400000)
 ParOldGen       total 29696K, used 22663K [0x0000000082200000, 0x0000000083f00000, 0x00000000d6100000)
  object space 29696K, 76% used [0x0000000082200000,0x0000000083821f98,0x0000000083f00000)
 Metaspace       used 8174K, capacity 8916K, committed 9216K, reserved 1062912K
  class space    used 890K, capacity 912K, committed 1024K, reserved 1048576K
}

Deoptimization events (10 events):
Event: 4.627 Thread 0x00000000016ee800 Uncommon trap: reason=class_check action=maybe_recompile pc=0x00000000036ab40c method=com.sun.tools.javac.tree.TreeInfo.isEnumInit(Lcom/sun/tools/javac/tree/JCTree;)Z @ 4
Event: 4.627 Thread 0x00000000016ee800 Uncommon trap: reason=bimorphic action=maybe_recompile pc=0x00000000037fd6f0 method=com.sun.tools.javac.code.Types$UnaryVisitor.visit(Lcom/sun/tools/javac/code/Type;)Ljava/lang/Object; @ 3
Event: 4.627 Thread 0x00000000016ee800 Uncommon trap: reason=unstable_if action=reinterpret pc=0x00000000036f1bdc method=com.sun.tools.javac.code.Types$19.visitClassType(Lcom/sun/tools/javac/code/Type$ClassType;Ljava/lang/Void;)Lcom/sun/tools/javac/util/List; @ 4
Event: 4.632 Thread 0x00000000016ee800 Uncommon trap: reason=unstable_if action=reinterpret pc=0x00000000038654d4 method=com.sun.tools.javac.code.Scope.remove(Lcom/sun/tools/javac/code/Symbol;)V @ 37
Event: 4.848 Thread 0x00000000016ee800 Uncommon trap: reason=unstable_if action=reinterpret pc=0x0000000003919598 method=java.util.HashMap.getNode(ILjava/lang/Object;)Ljava/util/HashMap$Node; @ 62
Event: 4.848 Thread 0x00000000016ee800 Uncommon trap: reason=class_check action=maybe_recompile pc=0x000000000383c4ac method=java.util.HashMap.putVal(ILjava/lang/Object;Ljava/lang/Object;ZZ)Ljava/lang/Object; @ 91
Event: 4.868 Thread 0x00000000016ee800 Uncommon trap: reason=unstable_if action=reinterpret pc=0x000000000380e3c8 method=com.sun.tools.javac.code.Scope.lookup(Lcom/sun/tools/javac/util/Name;Lcom/sun/tools/javac/util/Filter;)Lcom/sun/tools/javac/code/Scope$Entry; @ 19
Event: 4.868 Thread 0x00000000016ee800 Uncommon trap: reason=class_check action=maybe_recompile pc=0x00000000036ab40c method=com.sun.tools.javac.tree.TreeInfo.isEnumInit(Lcom/sun/tools/javac/tree/JCTree;)Z @ 4
Event: 5.050 Thread 0x00000000016ee800 Uncommon trap: reason=class_check action=maybe_recompile pc=0x00000000036ab40c method=com.sun.tools.javac.tree.TreeInfo.isEnumInit(Lcom/sun/tools/javac/tree/JCTree;)Z @ 4
Event: 5.065 Thread 0x00000000016ee800 Uncommon trap: reason=class_check action=maybe_recompile pc=0x00000000036ab40c method=com.sun.tools.javac.tree.TreeInfo.isEnumInit(Lcom/sun/tools/javac/tree/JCTree;)Z @ 4

Classes redefined (0 events):
No events

Internal exceptions (10 events):
Event: 0.027 Thread 0x00000000016ee800 Exception <a 'java/lang/NoSuchMethodError': Method sun.misc.Unsafe.defineClass(Ljava/lang/String;[BII)Ljava/lang/Class; name or signature does not match> (0x00000000d6107cd8) thrown at [D:\j\worksp~1\openjd~3\jdk8u\hotspot\src\share\vm\prims\jni.cpp, line
Event: 0.027 Thread 0x00000000016ee800 Exception <a 'java/lang/NoSuchMethodError': Method sun.misc.Unsafe.prefetchRead(Ljava/lang/Object;J)V name or signature does not match> (0x00000000d6107fc0) thrown at [D:\j\worksp~1\openjd~3\jdk8u\hotspot\src\share\vm\prims\jni.cpp, line 4012]
Event: 0.117 Thread 0x00000000016ee800 Exception <a 'java/security/PrivilegedActionException'> (0x00000000d62762f0) thrown at [D:\j\worksp~1\openjd~3\jdk8u\hotspot\src\share\vm\prims\jvm.cpp, line 1508]
Event: 0.117 Thread 0x00000000016ee800 Exception <a 'java/security/PrivilegedActionException'> (0x00000000d62766e8) thrown at [D:\j\worksp~1\openjd~3\jdk8u\hotspot\src\share\vm\prims\jvm.cpp, line 1508]
Event: 0.118 Thread 0x00000000016ee800 Exception <a 'java/security/PrivilegedActionException'> (0x00000000d627abf0) thrown at [D:\j\worksp~1\openjd~3\jdk8u\hotspot\src\share\vm\prims\jvm.cpp, line 1508]
Event: 0.118 Thread 0x00000000016ee800 Exception <a 'java/security/PrivilegedActionException'> (0x00000000d627afe8) thrown at [D:\j\worksp~1\openjd~3\jdk8u\hotspot\src\share\vm\prims\jvm.cpp, line 1508]
Event: 0.119 Thread 0x00000000016ee800 Exception <a 'java/security/PrivilegedActionException'> (0x00000000d627c910) thrown at [D:\j\worksp~1\openjd~3\jdk8u\hotspot\src\share\vm\prims\jvm.cpp, line 1508]
Event: 0.119 Thread 0x00000000016ee800 Exception <a 'java/security/PrivilegedActionException'> (0x00000000d627cd08) thrown at [D:\j\worksp~1\openjd~3\jdk8u\hotspot\src\share\vm\prims\jvm.cpp, line 1508]
Event: 0.125 Thread 0x00000000016ee800 Exception <a 'java/security/PrivilegedActionException'> (0x00000000d6132f08) thrown at [D:\j\worksp~1\openjd~3\jdk8u\hotspot\src\share\vm\prims\jvm.cpp, line 1508]
Event: 0.125 Thread 0x00000000016ee800 Exception <a 'java/security/PrivilegedActionException'> (0x00000000d6133300) thrown at [D:\j\worksp~1\openjd~3\jdk8u\hotspot\src\share\vm\prims\jvm.cpp, line 1508]

Events (10 events):
Event: 4.920 Thread 0x00000000016ee800 DEOPT PACKING pc=0x000000000374dfa7 sp=0x00000000030af1f0
Event: 4.920 Thread 0x00000000016ee800 DEOPT UNPACKING pc=0x00000000031f75d0 sp=0x00000000030aef10 mode 0
Event: 5.048 Executing VM operation: ForceSafepoint
Event: 5.048 Executing VM operation: ForceSafepoint done
Event: 5.050 Thread 0x00000000016ee800 Uncommon trap: trap_request=0xffffffde fr.pc=0x00000000036ab40c
Event: 5.050 Thread 0x00000000016ee800 DEOPT PACKING pc=0x00000000036ab40c sp=0x00000000030ae720
Event: 5.050 Thread 0x00000000016ee800 DEOPT UNPACKING pc=0x00000000031f557b sp=0x00000000030ae6c0 mode 2
Event: 5.065 Thread 0x00000000016ee800 Uncommon trap: trap_request=0xffffffde fr.pc=0x00000000036ab40c
Event: 5.065 Thread 0x00000000016ee800 DEOPT PACKING pc=0x00000000036ab40c sp=0x00000000030ae720
Event: 5.065 Thread 0x00000000016ee800 DEOPT UNPACKING pc=0x00000000031f557b sp=0x00000000030ae6c0 mode 2


Dynamic libraries:
0x00007ff6ee430000 - 0x00007ff6ee437000 	C:\Program Files\Android\Jdk\microsoft_dist_openjdk_1.8.0.25\bin\javac.exe
0x00007ffe698c0000 - 0x00007ffe69ab0000 	C:\WINDOWS\SYSTEM32\ntdll.dll
0x00007ffe67970000 - 0x00007ffe67a22000 	C:\WINDOWS\System32\KERNEL32.DLL
0x00007ffe66c80000 - 0x00007ffe66f23000 	C:\WINDOWS\System32\KERNELBASE.dll
0x00007ffe5b9d0000 - 0x00007ffe5b9ff000 	C:\Program Files\Android\Jdk\microsoft_dist_openjdk_1.8.0.25\bin\jli.dll
0x0000000066d50000 - 0x0000000066e21000 	C:\Program Files\Android\Jdk\microsoft_dist_openjdk_1.8.0.25\bin\MSVCR100.dll
0x00007ffe697d0000 - 0x00007ffe69873000 	C:\WINDOWS\System32\ADVAPI32.dll
0x00007ffe68180000 - 0x00007ffe6821e000 	C:\WINDOWS\System32\msvcrt.dll
0x00007ffe68450000 - 0x00007ffe684e7000 	C:\WINDOWS\System32\sechost.dll
0x00007ffe67f70000 - 0x00007ffe68090000 	C:\WINDOWS\System32\RPCRT4.dll
0x00007ffe67d70000 - 0x00007ffe67f04000 	C:\WINDOWS\System32\USER32.dll
0x00007ffe65c40000 - 0x00007ffe65ec5000 	C:\WINDOWS\WinSxS\amd64_microsoft.windows.common-controls_6595b64144ccf1df_6.0.18362.592_none_e6c0b1911312be02\COMCTL32.dll
0x00007ffe66c50000 - 0x00007ffe66c71000 	C:\WINDOWS\System32\win32u.dll
0x00007ffe67a30000 - 0x00007ffe67d66000 	C:\WINDOWS\System32\combase.dll
0x00007ffe66850000 - 0x00007ffe6694a000 	C:\WINDOWS\System32\ucrtbase.dll
0x00007ffe68740000 - 0x00007ffe68766000 	C:\WINDOWS\System32\GDI32.dll
0x00007ffe676b0000 - 0x00007ffe67844000 	C:\WINDOWS\System32\gdi32full.dll
0x00007ffe66a60000 - 0x00007ffe66ae0000 	C:\WINDOWS\System32\bcryptPrimitives.dll
0x00007ffe67850000 - 0x00007ffe678ee000 	C:\WINDOWS\System32\msvcp_win.dll
0x00007ffe69740000 - 0x00007ffe6976e000 	C:\WINDOWS\System32\IMM32.DLL
0x0000000066c70000 - 0x0000000066d41000 	C:\Program Files\Android\Jdk\microsoft_dist_openjdk_1.8.0.25\jre\bin\msvcr100.dll
0x0000000066420000 - 0x0000000066c65000 	C:\Program Files\Android\Jdk\microsoft_dist_openjdk_1.8.0.25\jre\bin\server\jvm.dll
0x00007ffe68170000 - 0x00007ffe68178000 	C:\WINDOWS\System32\PSAPI.DLL
0x00007ffe5f260000 - 0x00007ffe5f269000 	C:\WINDOWS\SYSTEM32\WSOCK32.dll
0x00007ffe63d20000 - 0x00007ffe63d44000 	C:\WINDOWS\SYSTEM32\WINMM.dll
0x00007ffe624d0000 - 0x00007ffe624da000 	C:\WINDOWS\SYSTEM32\VERSION.dll
0x00007ffe68090000 - 0x00007ffe680ff000 	C:\WINDOWS\System32\WS2_32.dll
0x00007ffe63cf0000 - 0x00007ffe63d1d000 	C:\WINDOWS\SYSTEM32\WINMMBASE.dll
0x00007ffe67920000 - 0x00007ffe6796a000 	C:\WINDOWS\System32\cfgmgr32.dll
0x00007ffe5cde0000 - 0x00007ffe5cdef000 	C:\Program Files\Android\Jdk\microsoft_dist_openjdk_1.8.0.25\jre\bin\verify.dll
0x00007ffe568c0000 - 0x00007ffe568e9000 	C:\Program Files\Android\Jdk\microsoft_dist_openjdk_1.8.0.25\jre\bin\java.dll
0x00007ffe5ba20000 - 0x00007ffe5ba36000 	C:\Program Files\Android\Jdk\microsoft_dist_openjdk_1.8.0.25\jre\bin\zip.dll
0x00007ffe68de0000 - 0x00007ffe694c5000 	C:\WINDOWS\System32\SHELL32.dll
0x00007ffe68d30000 - 0x00007ffe68dd9000 	C:\WINDOWS\System32\shcore.dll
0x00007ffe66f30000 - 0x00007ffe676af000 	C:\WINDOWS\System32\windows.storage.dll
0x00007ffe667a0000 - 0x00007ffe667bf000 	C:\WINDOWS\System32\profapi.dll
0x00007ffe66800000 - 0x00007ffe6684a000 	C:\WINDOWS\System32\powrprof.dll
0x00007ffe66790000 - 0x00007ffe667a0000 	C:\WINDOWS\System32\UMPDC.dll
0x00007ffe694d0000 - 0x00007ffe69522000 	C:\WINDOWS\System32\shlwapi.dll
0x00007ffe667e0000 - 0x00007ffe667f1000 	C:\WINDOWS\System32\kernel.appcore.dll
0x00007ffe66ae0000 - 0x00007ffe66af7000 	C:\WINDOWS\System32\cryptsp.dll

VM Arguments:
jvm_args: -Dapplication.home=C:\Program Files\Android\Jdk\microsoft_dist_openjdk_1.8.0.25 -Xms8m -Dfile.encoding=UTF8 
java_command: com.sun.tools.javac.Main @C:\Users\mic20\AppData\Local\Temp\tmpCA31.tmp
java_class_path (initial): C:\Program Files\Android\Jdk\microsoft_dist_openjdk_1.8.0.25/lib/tools.jar;C:\Program Files\Android\Jdk\microsoft_dist_openjdk_1.8.0.25/classes
Launcher Type: SUN_STANDARD

Environment Variables:
PATH=C:\Program Files\Android\Jdk\microsoft_dist_openjdk_1.8.0.25\bin;C:\Program Files\Haskell\bin;E:\ProgrammeE\HaskellPlatform\8.6.5\lib\extralibs\bin;E:\ProgrammeE\HaskellPlatform\8.6.5\bin;C:\Program Files (x86)\Python37-32\Scripts\;C:\Program Files (x86)\Python37-32\;C:\Program Files (x86)\Common Files\Oracle\Java\javapath;C:\ProgramData\Oracle\Java\javapath;C:\WINDOWS\system32;C:\WINDOWS;C:\WINDOWS\System32\Wbem;C:\WINDOWS\System32\WindowsPowerShell\v1.0\;C:\WINDOWS\System32\OpenSSH\;E:\ProgrammeE\nodeJS\;C:\Program Files\Java\jdk-12.0.1\bin;C:\Program Files (x86)\scala\bin;C:\Program Files\MiKTeX 2.9\miktex\bin\x64\;C:\Strawberry\c\bin;C:\Strawberry\perl\site\bin;C:\Strawberry\perl\bin;C:\Program Files (x86)\GnuWin32\bin;E:\ProgrammeE\HaskellPlatform\8.6.5\mingw\bin;C:\Program Files\Git\cmd;C:\Program Files\Microsoft SQL Server\120\Tools\Binn\;C:\Program Files\dotnet\;C:\Users\mic20\AppData\Roaming\cabal\bin;C:\Users\mic20\AppData\Roaming\local\bin;C:\Users\mic20\AppData\Local\Microsoft\WindowsApps;C:\Users\mic20\AppData\Roaming\npm;C:\Program Files\Java\jdk-12.0.1\bin;E:\ProgrammeE\CLion 2019.1.2\bin;E:\ProgrammeE\Microsoft VS Code\bin;C:\Users\mic20\AppData\Local\Microsoft\WindowsApps;C:\texlive\2019\bin\win32;C:\Program Files (x86)\Python37-32\python.exe;
USERNAME=mic20
OS=Windows_NT
PROCESSOR_IDENTIFIER=Intel64 Family 6 Model 58 Stepping 9, GenuineIntel



---------------  S Y S T E M  ---------------

OS: Windows 10.0 , 64 bit Build 18362 (10.0.18362.329)

CPU:total 8 (initial active 8) (4 cores per cpu, 2 threads per core) family 6 model 58 stepping 9, cmov, cx8, fxsr, mmx, sse, sse2, sse3, ssse3, sse4.1, sse4.2, popcnt, avx, aes, clmul, erms, ht, tsc, tscinvbit, tscinv

Memory: 4k page, physical 8245308k(1835744k free), swap 9293884k(5256k free)

vm_info: OpenJDK 64-Bit Server VM (25.71-b00) for windows-amd64 JRE (1.8.0-25-microsoft-b00), built on Feb  7 2019 20:09:14 by "builder" with MS VC++ 10.0 (VS2010)

time: Sun Jan 26 23:10:14 2020
timezone: W. Europe Standard Time
elapsed time: 5 seconds (0d 0h 0m 5s)

