#
# There is insufficient memory for the Java Runtime Environment to continue.
# Native memory allocation (malloc) failed to allocate 1047376 bytes for Chunk::new
# Possible reasons:
#   The system is out of physical RAM or swap space
#   The process is running with CompressedOops enabled, and the Java Heap may be blocking the growth of the native heap
# Possible solutions:
#   Reduce memory load on the system
#   Increase physical memory or swap space
#   Check if swap backing store is full
#   Decrease Java heap size (-Xmx/-Xms)
#   Decrease number of Java threads
#   Decrease Java thread stack sizes (-Xss)
#   Set larger code cache with -XX:ReservedCodeCacheSize=
#   JVM is running with Unscaled Compressed Oops mode in which the Java heap is
#     placed in the first 4GB address space. The Java Heap base address is the
#     maximum limit for the native heap growth. Please use -XX:HeapBaseMinAddress
#     to set the Java Heap base and to place the Java Heap above 4GB virtual address.
# This output file may be truncated or incomplete.
#
#  Out of Memory Error (allocation.cpp:389), pid=15492, tid=0x0000000000001c60
#
# JRE version: OpenJDK Runtime Environment (8.0) (build 1.8.0-25-microsoft-b00)
# Java VM: OpenJDK 64-Bit Server VM (25.71-b00 mixed mode windows-amd64 compressed oops)
# Failed to write core dump. Minidumps are not enabled by default on client versions of Windows
#

---------------  T H R E A D  ---------------

Current thread (0x0000000017c98000):  JavaThread "C2 CompilerThread2" daemon [_thread_in_native, id=7264, stack(0x0000000018760000,0x0000000018860000)]

Stack: [0x0000000018760000,0x0000000018860000]
[error occurred during error reporting (printing stack bounds), id 0xc0000005]

Native frames: (J=compiled Java code, j=interpreted, Vv=VM code, C=native code)


Current CompileTask:
C2:   6982 2643       4       com.android.dx.cf.direct.StdAttributeFactory::parse0 (568 bytes)


---------------  P R O C E S S  ---------------

Java Threads: ( => current thread )
  0x0000000017f45000 JavaThread "pool-2-thread-1" [_thread_blocked, id=15344, stack(0x0000000019460000,0x0000000019560000)]
  0x0000000017f8f800 JavaThread "pool-1-thread-1" [_thread_in_Java, id=22028, stack(0x0000000019360000,0x0000000019460000)]
  0x0000000017cda000 JavaThread "Service Thread" daemon [_thread_blocked, id=20132, stack(0x0000000018960000,0x0000000018a60000)]
  0x0000000017c9f000 JavaThread "C1 CompilerThread3" daemon [_thread_blocked, id=17448, stack(0x0000000018860000,0x0000000018960000)]
=>0x0000000017c98000 JavaThread "C2 CompilerThread2" daemon [_thread_in_native, id=7264, stack(0x0000000018760000,0x0000000018860000)]
  0x0000000017c94800 JavaThread "C2 CompilerThread1" daemon [_thread_in_native, id=21496, stack(0x0000000018660000,0x0000000018760000)]
  0x0000000017c92000 JavaThread "C2 CompilerThread0" daemon [_thread_in_native, id=3484, stack(0x0000000018560000,0x0000000018660000)]
  0x0000000017c90000 JavaThread "Attach Listener" daemon [_thread_blocked, id=2608, stack(0x0000000018460000,0x0000000018560000)]
  0x0000000017c8f000 JavaThread "Signal Dispatcher" daemon [_thread_blocked, id=14632, stack(0x0000000018360000,0x0000000018460000)]
  0x000000000334e000 JavaThread "Finalizer" daemon [_thread_blocked, id=20484, stack(0x0000000018160000,0x0000000018260000)]
  0x0000000017c80800 JavaThread "Reference Handler" daemon [_thread_blocked, id=15628, stack(0x0000000018060000,0x0000000018160000)]
  0x000000000324e800 JavaThread "main" [_thread_in_vm, id=10536, stack(0x0000000003120000,0x0000000003220000)]

Other Threads:
  0x0000000015e68800 VMThread [stack: 0x0000000017b60000,0x0000000017c60000] [id=16416]
  0x0000000017cdc000 WatcherThread [stack: 0x0000000018a60000,0x0000000018b60000] [id=18564]

VM state:not at safepoint (normal execution)

VM Mutex/Monitor currently owned by a thread: None

heap address: 0x00000000c0000000, size: 1024 MB, Compressed Oops mode: 32-bit
Narrow klass base: 0x0000000000000000, Narrow klass shift: 3
Compressed class space size: 1073741824 Address: 0x0000000100000000

Heap:
 PSYoungGen      total 281088K, used 252568K [0x00000000eab00000, 0x0000000100000000, 0x0000000100000000)
  eden space 212992K, 86% used [0x00000000eab00000,0x00000000f5f2c730,0x00000000f7b00000)
  from space 68096K, 99% used [0x00000000f7b00000,0x00000000fbd79cc0,0x00000000fbd80000)
  to   space 68096K, 0% used [0x00000000fbd80000,0x00000000fbd80000,0x0000000100000000)
 ParOldGen       total 299008K, used 170131K [0x00000000c0000000, 0x00000000d2400000, 0x00000000eab00000)
  object space 299008K, 56% used [0x00000000c0000000,0x00000000ca624e78,0x00000000d2400000)
 Metaspace       used 6703K, capacity 7350K, committed 7552K, reserved 1056768K
  class space    used 610K, capacity 622K, committed 640K, reserved 1048576K

Card table byte_map: [0x0000000012710000,0x0000000012920000] byte_map_base: 0x0000000012110000

Marking Bits: (ParMarkBitMap*) 0x0000000066cc8f30
 Begin Bits: [0x0000000013280000, 0x0000000014280000)
 End Bits:   [0x0000000014280000, 0x0000000015280000)

Polling page: 0x0000000001790000

CodeCache: size=245760Kb used=9095Kb max_used=10759Kb free=236664Kb
 bounds [0x0000000003350000, 0x0000000003e10000, 0x0000000012350000]
 total_blobs=2483 nmethods=2207 adapters=189
 compilation: enabled

Compilation events (10 events):
Event: 6.854 Thread 0x0000000017c94800 nmethod 2485 0x0000000003a16a50 code [0x0000000003a16b80, 0x0000000003a16c38]
Event: 6.854 Thread 0x0000000017c94800 2642   !   4       com.android.dx.cf.direct.AttributeFactory::parse (248 bytes)
Event: 6.859 Thread 0x0000000017c94800 nmethod 2642 0x0000000003ae06d0 code [0x0000000003ae0860, 0x0000000003ae1178]
Event: 6.859 Thread 0x0000000017c94800 2509       4       java.util.HashMap$KeySet::iterator (12 bytes)
Event: 6.863 Thread 0x0000000017c94800 nmethod 2509 0x0000000003a90410 code [0x0000000003a90560, 0x0000000003a90898]
Event: 6.863 Thread 0x0000000017c94800 2510       4       java.util.HashSet::iterator (13 bytes)
Event: 6.868 Thread 0x0000000017c94800 nmethod 2510 0x0000000003b95a50 code [0x0000000003b95bc0, 0x0000000003b95ff8]
Event: 6.868 Thread 0x0000000017c94800 2730       4       com.android.dx.cf.code.Simulator$SimVisitor::visitNoArgs (2135 bytes)
Event: 6.887 Thread 0x0000000017c9f000 2734       2       com.android.dx.rop.code.Rops::opOr (21 bytes)
Event: 6.888 Thread 0x0000000017c9f000 nmethod 2734 0x0000000003a90050 code [0x0000000003a901c0, 0x0000000003a90368]

GC Heap History (10 events):
Event: 4.266 GC heap before
{Heap before GC invocations=11 (full 1):
 PSYoungGen      total 287744K, used 275375K [0x00000000eab00000, 0x0000000100000000, 0x0000000100000000)
  eden space 250368K, 100% used [0x00000000eab00000,0x00000000f9f80000,0x00000000f9f80000)
  from space 37376K, 66% used [0x00000000f9f80000,0x00000000fb7ebd30,0x00000000fc400000)
  to   space 54272K, 0% used [0x00000000fcb00000,0x00000000fcb00000,0x0000000100000000)
 ParOldGen       total 163840K, used 85529K [0x00000000c0000000, 0x00000000ca000000, 0x00000000eab00000)
  object space 163840K, 52% used [0x00000000c0000000,0x00000000c53865a8,0x00000000ca000000)
 Metaspace       used 6673K, capacity 7350K, committed 7552K, reserved 1056768K
  class space    used 609K, capacity 622K, committed 640K, reserved 1048576K
Event: 4.316 GC heap after
Heap after GC invocations=11 (full 1):
 PSYoungGen      total 272384K, used 54257K [0x00000000eab00000, 0x0000000100000000, 0x0000000100000000)
  eden space 218112K, 0% used [0x00000000eab00000,0x00000000eab00000,0x00000000f8000000)
  from space 54272K, 99% used [0x00000000fcb00000,0x00000000ffffc500,0x0000000100000000)
  to   space 65536K, 0% used [0x00000000f8000000,0x00000000f8000000,0x00000000fc000000)
 ParOldGen       total 163840K, used 93569K [0x00000000c0000000, 0x00000000ca000000, 0x00000000eab00000)
  object space 163840K, 57% used [0x00000000c0000000,0x00000000c5b606c8,0x00000000ca000000)
 Metaspace       used 6673K, capacity 7350K, committed 7552K, reserved 1056768K
  class space    used 609K, capacity 622K, committed 640K, reserved 1048576K
}
Event: 4.804 GC heap before
{Heap before GC invocations=12 (full 1):
 PSYoungGen      total 272384K, used 272369K [0x00000000eab00000, 0x0000000100000000, 0x0000000100000000)
  eden space 218112K, 100% used [0x00000000eab00000,0x00000000f8000000,0x00000000f8000000)
  from space 54272K, 99% used [0x00000000fcb00000,0x00000000ffffc500,0x0000000100000000)
  to   space 65536K, 0% used [0x00000000f8000000,0x00000000f8000000,0x00000000fc000000)
 ParOldGen       total 163840K, used 93569K [0x00000000c0000000, 0x00000000ca000000, 0x00000000eab00000)
  object space 163840K, 57% used [0x00000000c0000000,0x00000000c5b606c8,0x00000000ca000000)
 Metaspace       used 6687K, capacity 7350K, committed 7552K, reserved 1056768K
  class space    used 610K, capacity 622K, committed 640K, reserved 1048576K
Event: 4.870 GC heap after
Heap after GC invocations=12 (full 1):
 PSYoungGen      total 283648K, used 34659K [0x00000000eab00000, 0x0000000100000000, 0x0000000100000000)
  eden space 218112K, 0% used [0x00000000eab00000,0x00000000eab00000,0x00000000f8000000)
  from space 65536K, 52% used [0x00000000f8000000,0x00000000fa1d8fe0,0x00000000fc000000)
  to   space 65024K, 0% used [0x00000000fc080000,0x00000000fc080000,0x0000000100000000)
 ParOldGen       total 163840K, used 146448K [0x00000000c0000000, 0x00000000ca000000, 0x00000000eab00000)
  object space 163840K, 89% used [0x00000000c0000000,0x00000000c8f04020,0x00000000ca000000)
 Metaspace       used 6687K, capacity 7350K, committed 7552K, reserved 1056768K
  class space    used 610K, capacity 622K, committed 640K, reserved 1048576K
}
Event: 4.870 GC heap before
{Heap before GC invocations=13 (full 2):
 PSYoungGen      total 283648K, used 34659K [0x00000000eab00000, 0x0000000100000000, 0x0000000100000000)
  eden space 218112K, 0% used [0x00000000eab00000,0x00000000eab00000,0x00000000f8000000)
  from space 65536K, 52% used [0x00000000f8000000,0x00000000fa1d8fe0,0x00000000fc000000)
  to   space 65024K, 0% used [0x00000000fc080000,0x00000000fc080000,0x0000000100000000)
 ParOldGen       total 163840K, used 146448K [0x00000000c0000000, 0x00000000ca000000, 0x00000000eab00000)
  object space 163840K, 89% used [0x00000000c0000000,0x00000000c8f04020,0x00000000ca000000)
 Metaspace       used 6687K, capacity 7350K, committed 7552K, reserved 1056768K
  class space    used 610K, capacity 622K, committed 640K, reserved 1048576K
Event: 5.787 GC heap after
Heap after GC invocations=13 (full 2):
 PSYoungGen      total 283648K, used 13942K [0x00000000eab00000, 0x0000000100000000, 0x0000000100000000)
  eden space 218112K, 0% used [0x00000000eab00000,0x00000000eab00000,0x00000000f8000000)
  from space 65536K, 21% used [0x00000000f8000000,0x00000000f8d9da38,0x00000000fc000000)
  to   space 65024K, 0% used [0x00000000fc080000,0x00000000fc080000,0x0000000100000000)
 ParOldGen       total 299008K, used 163469K [0x00000000c0000000, 0x00000000d2400000, 0x00000000eab00000)
  object space 299008K, 54% used [0x00000000c0000000,0x00000000c9fa3610,0x00000000d2400000)
 Metaspace       used 6687K, capacity 7350K, committed 7552K, reserved 1056768K
  class space    used 610K, capacity 622K, committed 640K, reserved 1048576K
}
Event: 6.166 GC heap before
{Heap before GC invocations=14 (full 2):
 PSYoungGen      total 283648K, used 232054K [0x00000000eab00000, 0x0000000100000000, 0x0000000100000000)
  eden space 218112K, 100% used [0x00000000eab00000,0x00000000f8000000,0x00000000f8000000)
  from space 65536K, 21% used [0x00000000f8000000,0x00000000f8d9da38,0x00000000fc000000)
  to   space 65024K, 0% used [0x00000000fc080000,0x00000000fc080000,0x0000000100000000)
 ParOldGen       total 299008K, used 163469K [0x00000000c0000000, 0x00000000d2400000, 0x00000000eab00000)
  object space 299008K, 54% used [0x00000000c0000000,0x00000000c9fa3610,0x00000000d2400000)
 Metaspace       used 6698K, capacity 7350K, committed 7552K, reserved 1056768K
  class space    used 610K, capacity 622K, committed 640K, reserved 1048576K
Event: 6.211 GC heap after
Heap after GC invocations=14 (full 2):
 PSYoungGen      total 278016K, used 46036K [0x00000000eab00000, 0x0000000100000000, 0x0000000100000000)
  eden space 212992K, 0% used [0x00000000eab00000,0x00000000eab00000,0x00000000f7b00000)
  from space 65024K, 70% used [0x00000000fc080000,0x00000000fed75258,0x0000000100000000)
  to   space 68096K, 0% used [0x00000000f7b00000,0x00000000f7b00000,0x00000000fbd80000)
 ParOldGen       total 299008K, used 163469K [0x00000000c0000000, 0x00000000d2400000, 0x00000000eab00000)
  object space 299008K, 54% used [0x00000000c0000000,0x00000000c9fa3610,0x00000000d2400000)
 Metaspace       used 6698K, capacity 7350K, committed 7552K, reserved 1056768K
  class space    used 610K, capacity 622K, committed 640K, reserved 1048576K
}
Event: 6.623 GC heap before
{Heap before GC invocations=15 (full 2):
 PSYoungGen      total 278016K, used 259028K [0x00000000eab00000, 0x0000000100000000, 0x0000000100000000)
  eden space 212992K, 100% used [0x00000000eab00000,0x00000000f7b00000,0x00000000f7b00000)
  from space 65024K, 70% used [0x00000000fc080000,0x00000000fed75258,0x0000000100000000)
  to   space 68096K, 0% used [0x00000000f7b00000,0x00000000f7b00000,0x00000000fbd80000)
 ParOldGen       total 299008K, used 163469K [0x00000000c0000000, 0x00000000d2400000, 0x00000000eab00000)
  object space 299008K, 54% used [0x00000000c0000000,0x00000000c9fa3610,0x00000000d2400000)
 Metaspace       used 6701K, capacity 7350K, committed 7552K, reserved 1056768K
  class space    used 610K, capacity 622K, committed 640K, reserved 1048576K
Event: 6.663 GC heap after
Heap after GC invocations=15 (full 2):
 PSYoungGen      total 281088K, used 68071K [0x00000000eab00000, 0x0000000100000000, 0x0000000100000000)
  eden space 212992K, 0% used [0x00000000eab00000,0x00000000eab00000,0x00000000f7b00000)
  from space 68096K, 99% used [0x00000000f7b00000,0x00000000fbd79cc0,0x00000000fbd80000)
  to   space 68096K, 0% used [0x00000000fbd80000,0x00000000fbd80000,0x0000000100000000)
 ParOldGen       total 299008K, used 170131K [0x00000000c0000000, 0x00000000d2400000, 0x00000000eab00000)
  object space 299008K, 56% used [0x00000000c0000000,0x00000000ca624e78,0x00000000d2400000)
 Metaspace       used 6701K, capacity 7350K, committed 7552K, reserved 1056768K
  class space    used 610K, capacity 622K, committed 640K, reserved 1048576K
}

Deoptimization events (10 events):
Event: 3.084 Thread 0x000000000324e800 Uncommon trap: reason=class_check action=maybe_recompile pc=0x0000000003c4ee54 method=java.util.HashMap.getNode(ILjava/lang/Object;)Ljava/util/HashMap$Node; @ 126
Event: 4.406 Thread 0x0000000017f8f800 Uncommon trap: reason=null_check action=make_not_entrant pc=0x0000000003c828a4 method=java.util.concurrent.ConcurrentHashMap$TreeBin.<init>(Ljava/util/concurrent/ConcurrentHashMap$TreeNode;)V @ 26
Event: 5.815 Thread 0x0000000017f8f800 Uncommon trap: reason=unstable_if action=reinterpret pc=0x0000000003d7512c method=java.util.HashMap.getNode(ILjava/lang/Object;)Ljava/util/HashMap$Node; @ 84
Event: 5.870 Thread 0x0000000017f8f800 Uncommon trap: reason=unstable_if action=reinterpret pc=0x000000000375607c method=com.android.dx.dex.code.OutputFinisher.hasLocalInfo(Lcom/android/dx/dex/code/DalvInsn;)Z @ 24
Event: 5.870 Thread 0x0000000017f8f800 Uncommon trap: reason=unstable_if action=reinterpret pc=0x00000000036a0894 method=com.android.dx.dex.code.OutputFinisher.updateInfo(Lcom/android/dx/dex/code/DalvInsn;)V @ 28
Event: 6.291 Thread 0x000000000324e800 Uncommon trap: reason=class_check action=maybe_recompile pc=0x0000000003ae8b38 method=java.util.HashMap.putVal(ILjava/lang/Object;Ljava/lang/Object;ZZ)Ljava/lang/Object; @ 203
Event: 6.320 Thread 0x000000000324e800 Uncommon trap: reason=class_check action=maybe_recompile pc=0x000000000365ed50 method=com.android.dx.ssa.SCCP.replaceConstants()V @ 182
Event: 6.323 Thread 0x000000000324e800 Uncommon trap: reason=class_check action=maybe_recompile pc=0x000000000365ed50 method=com.android.dx.ssa.SCCP.replaceConstants()V @ 182
Event: 6.404 Thread 0x000000000324e800 Uncommon trap: reason=class_check action=maybe_recompile pc=0x0000000003ae8b94 method=java.util.HashMap.putVal(ILjava/lang/Object;Ljava/lang/Object;ZZ)Ljava/lang/Object; @ 203
Event: 6.524 Thread 0x000000000324e800 Uncommon trap: reason=speculate_class_check action=maybe_recompile pc=0x0000000003cb1f1c method=com.android.dx.rop.cst.TypedConstant.getBasicType()I @ 1

Classes redefined (0 events):
No events

Internal exceptions (7 events):
Event: 0.025 Thread 0x000000000324e800 Exception <a 'java/lang/NoSuchMethodError': Method sun.misc.Unsafe.defineClass(Ljava/lang/String;[BII)Ljava/lang/Class; name or signature does not match> (0x00000000eab07cb0) thrown at [D:\j\worksp~1\openjd~3\jdk8u\hotspot\src\share\vm\prims\jni.cpp, line
Event: 0.025 Thread 0x000000000324e800 Exception <a 'java/lang/NoSuchMethodError': Method sun.misc.Unsafe.prefetchRead(Ljava/lang/Object;J)V name or signature does not match> (0x00000000eab07f98) thrown at [D:\j\worksp~1\openjd~3\jdk8u\hotspot\src\share\vm\prims\jni.cpp, line 4012]
Event: 0.824 Thread 0x000000000324e800 Implicit null exception at 0x00000000035ed222 to 0x00000000035ed312
Event: 1.658 Thread 0x000000000324e800 Exception <a 'java/lang/ArrayIndexOutOfBoundsException': 18> (0x00000000ee4bd0e8) thrown at [D:\j\worksp~1\openjd~3\jdk8u\hotspot\src\share\vm\interpreter\interpreterRuntime.cpp, line 368]
Event: 1.658 Thread 0x000000000324e800 Exception <a 'java/lang/ArrayIndexOutOfBoundsException': 145> (0x00000000ee4bec68) thrown at [D:\j\worksp~1\openjd~3\jdk8u\hotspot\src\share\vm\interpreter\interpreterRuntime.cpp, line 368]
Event: 1.659 Thread 0x000000000324e800 Exception <a 'java/lang/ArrayIndexOutOfBoundsException'> (0x00000000ee4bff50) thrown at [D:\j\worksp~1\openjd~3\jdk8u\hotspot\src\share\vm\runtime\sharedRuntime.cpp, line 605]
Event: 4.406 Thread 0x0000000017f8f800 Implicit null exception at 0x0000000003c81e98 to 0x0000000003c82829

Events (10 events):
Event: 6.728 Thread 0x0000000017c98000 flushing nmethod 0x0000000003c0ba50
Event: 6.728 Thread 0x0000000017c98000 flushing nmethod 0x0000000003c48210
Event: 6.728 Thread 0x0000000017c98000 flushing nmethod 0x0000000003c67590
Event: 6.730 Thread 0x0000000017c9f000 flushing nmethod 0x0000000003d224d0
Event: 6.878 Executing VM operation: RevokeBias
Event: 6.878 Executing VM operation: RevokeBias done
Event: 6.925 Executing VM operation: RevokeBias
Event: 6.925 Executing VM operation: RevokeBias done
Event: 6.943 Executing VM operation: RevokeBias
Event: 6.943 Executing VM operation: RevokeBias done


Dynamic libraries:
0x00007ff724510000 - 0x00007ff724545000 	C:\Program Files\Android\Jdk\microsoft_dist_openjdk_1.8.0.25\bin\java.exe
0x00007ffe698c0000 - 0x00007ffe69ab0000 	C:\WINDOWS\SYSTEM32\ntdll.dll
0x00007ffe67970000 - 0x00007ffe67a22000 	C:\WINDOWS\System32\KERNEL32.DLL
0x00007ffe66c80000 - 0x00007ffe66f23000 	C:\WINDOWS\System32\KERNELBASE.dll
0x00007ffe697d0000 - 0x00007ffe69873000 	C:\WINDOWS\System32\ADVAPI32.dll
0x00007ffe68180000 - 0x00007ffe6821e000 	C:\WINDOWS\System32\msvcrt.dll
0x00007ffe68450000 - 0x00007ffe684e7000 	C:\WINDOWS\System32\sechost.dll
0x00007ffe67f70000 - 0x00007ffe68090000 	C:\WINDOWS\System32\RPCRT4.dll
0x00007ffe67d70000 - 0x00007ffe67f04000 	C:\WINDOWS\System32\USER32.dll
0x00007ffe66c50000 - 0x00007ffe66c71000 	C:\WINDOWS\System32\win32u.dll
0x00007ffe68740000 - 0x00007ffe68766000 	C:\WINDOWS\System32\GDI32.dll
0x00007ffe676b0000 - 0x00007ffe67844000 	C:\WINDOWS\System32\gdi32full.dll
0x00007ffe67850000 - 0x00007ffe678ee000 	C:\WINDOWS\System32\msvcp_win.dll
0x00007ffe66850000 - 0x00007ffe6694a000 	C:\WINDOWS\System32\ucrtbase.dll
0x00007ffe65c40000 - 0x00007ffe65ec5000 	C:\WINDOWS\WinSxS\amd64_microsoft.windows.common-controls_6595b64144ccf1df_6.0.18362.592_none_e6c0b1911312be02\COMCTL32.dll
0x00007ffe67a30000 - 0x00007ffe67d66000 	C:\WINDOWS\System32\combase.dll
0x00007ffe66a60000 - 0x00007ffe66ae0000 	C:\WINDOWS\System32\bcryptPrimitives.dll
0x00007ffe69740000 - 0x00007ffe6976e000 	C:\WINDOWS\System32\IMM32.DLL
0x0000000066d50000 - 0x0000000066e21000 	C:\Program Files\Android\Jdk\microsoft_dist_openjdk_1.8.0.25\jre\bin\msvcr100.dll
0x0000000066500000 - 0x0000000066d45000 	C:\Program Files\Android\Jdk\microsoft_dist_openjdk_1.8.0.25\jre\bin\server\jvm.dll
0x00007ffe68170000 - 0x00007ffe68178000 	C:\WINDOWS\System32\PSAPI.DLL
0x00007ffe63d20000 - 0x00007ffe63d44000 	C:\WINDOWS\SYSTEM32\WINMM.dll
0x00007ffe5f280000 - 0x00007ffe5f289000 	C:\WINDOWS\SYSTEM32\WSOCK32.dll
0x00007ffe624d0000 - 0x00007ffe624da000 	C:\WINDOWS\SYSTEM32\VERSION.dll
0x00007ffe68090000 - 0x00007ffe680ff000 	C:\WINDOWS\System32\WS2_32.dll
0x00007ffe63cf0000 - 0x00007ffe63d1d000 	C:\WINDOWS\SYSTEM32\winmmbase.dll
0x00007ffe67920000 - 0x00007ffe6796a000 	C:\WINDOWS\System32\cfgmgr32.dll
0x00007ffe5f270000 - 0x00007ffe5f27f000 	C:\Program Files\Android\Jdk\microsoft_dist_openjdk_1.8.0.25\jre\bin\verify.dll
0x00007ffe5f210000 - 0x00007ffe5f239000 	C:\Program Files\Android\Jdk\microsoft_dist_openjdk_1.8.0.25\jre\bin\java.dll
0x00007ffe59d00000 - 0x00007ffe59d16000 	C:\Program Files\Android\Jdk\microsoft_dist_openjdk_1.8.0.25\jre\bin\zip.dll
0x00007ffe68de0000 - 0x00007ffe694c5000 	C:\WINDOWS\System32\SHELL32.dll
0x00007ffe68d30000 - 0x00007ffe68dd9000 	C:\WINDOWS\System32\shcore.dll
0x00007ffe66f30000 - 0x00007ffe676af000 	C:\WINDOWS\System32\windows.storage.dll
0x00007ffe667a0000 - 0x00007ffe667bf000 	C:\WINDOWS\System32\profapi.dll
0x00007ffe66800000 - 0x00007ffe6684a000 	C:\WINDOWS\System32\powrprof.dll
0x00007ffe66790000 - 0x00007ffe667a0000 	C:\WINDOWS\System32\UMPDC.dll
0x00007ffe694d0000 - 0x00007ffe69522000 	C:\WINDOWS\System32\shlwapi.dll
0x00007ffe667e0000 - 0x00007ffe667f1000 	C:\WINDOWS\System32\kernel.appcore.dll
0x00007ffe66ae0000 - 0x00007ffe66af7000 	C:\WINDOWS\System32\cryptsp.dll

VM Arguments:
jvm_args: -Dfile.encoding=UTF8 -Xmx1G 
java_command: C:\Program Files (x86)\Android\android-sdk\build-tools\28.0.3\\lib\dx.jar --dex --no-strict --input-list=C:\Users\mic20\AppData\Local\Temp\tmp51C0.tmp --output obj\Debug\90\android\bin
java_class_path (initial): C:\Program Files (x86)\Android\android-sdk\build-tools\28.0.3\\lib\dx.jar
Launcher Type: SUN_STANDARD

Environment Variables:
PATH=C:\Program Files\Android\Jdk\microsoft_dist_openjdk_1.8.0.25\bin;C:\Program Files\Haskell\bin;E:\ProgrammeE\HaskellPlatform\8.6.5\lib\extralibs\bin;E:\ProgrammeE\HaskellPlatform\8.6.5\bin;C:\Program Files (x86)\Python37-32\Scripts\;C:\Program Files (x86)\Python37-32\;C:\Program Files (x86)\Common Files\Oracle\Java\javapath;C:\ProgramData\Oracle\Java\javapath;C:\WINDOWS\system32;C:\WINDOWS;C:\WINDOWS\System32\Wbem;C:\WINDOWS\System32\WindowsPowerShell\v1.0\;C:\WINDOWS\System32\OpenSSH\;E:\ProgrammeE\nodeJS\;C:\Program Files\Java\jdk-12.0.1\bin;C:\Program Files (x86)\scala\bin;C:\Program Files\MiKTeX 2.9\miktex\bin\x64\;C:\Strawberry\c\bin;C:\Strawberry\perl\site\bin;C:\Strawberry\perl\bin;C:\Program Files (x86)\GnuWin32\bin;E:\ProgrammeE\HaskellPlatform\8.6.5\mingw\bin;C:\Program Files\Git\cmd;C:\Program Files\Microsoft SQL Server\120\Tools\Binn\;C:\Program Files\dotnet\;C:\Users\mic20\AppData\Roaming\cabal\bin;C:\Users\mic20\AppData\Roaming\local\bin;C:\Users\mic20\AppData\Local\Microsoft\WindowsApps;C:\Users\mic20\AppData\Roaming\npm;C:\Program Files\Java\jdk-12.0.1\bin;E:\ProgrammeE\CLion 2019.1.2\bin;E:\ProgrammeE\Microsoft VS Code\bin;C:\Users\mic20\AppData\Local\Microsoft\WindowsApps;C:\texlive\2019\bin\win32;C:\Program Files (x86)\Python37-32\python.exe;
USERNAME=mic20
OS=Windows_NT
PROCESSOR_IDENTIFIER=Intel64 Family 6 Model 58 Stepping 9, GenuineIntel



---------------  S Y S T E M  ---------------

OS: Windows 10.0 , 64 bit Build 18362 (10.0.18362.329)

CPU:total 8 (initial active 8) (4 cores per cpu, 2 threads per core) family 6 model 58 stepping 9, cmov, cx8, fxsr, mmx, sse, sse2, sse3, ssse3, sse4.1, sse4.2, popcnt, avx, aes, clmul, erms, ht, tsc, tscinvbit, tscinv

Memory: 4k page, physical 8245308k(1859364k free), swap 9293884k(11644k free)

vm_info: OpenJDK 64-Bit Server VM (25.71-b00) for windows-amd64 JRE (1.8.0-25-microsoft-b00), built on Feb  7 2019 20:09:14 by "builder" with MS VC++ 10.0 (VS2010)

time: Sun Jan 26 16:39:49 2020
timezone: W. Europe Standard Time
elapsed time: 6 seconds (0d 0h 0m 6s)

