#
# There is insufficient memory for the Java Runtime Environment to continue.
# Native memory allocation (malloc) failed to allocate 1379632 bytes for Chunk::new
# Possible reasons:
#   The system is out of physical RAM or swap space
#   The process is running with CompressedOops enabled, and the Java Heap may be blocking the growth of the native heap
# Possible solutions:
#   Reduce memory load on the system
#   Increase physical memory or swap space
#   Check if swap backing store is full
#   Decrease Java heap size (-Xmx/-Xms)
#   Decrease number of Java threads
#   Decrease Java thread stack sizes (-Xss)
#   Set larger code cache with -XX:ReservedCodeCacheSize=
#   JVM is running with Unscaled Compressed Oops mode in which the Java heap is
#     placed in the first 4GB address space. The Java Heap base address is the
#     maximum limit for the native heap growth. Please use -XX:HeapBaseMinAddress
#     to set the Java Heap base and to place the Java Heap above 4GB virtual address.
# This output file may be truncated or incomplete.
#
#  Out of Memory Error (allocation.cpp:389), pid=460, tid=0x0000000000004590
#
# JRE version: OpenJDK Runtime Environment (8.0) (build 1.8.0-25-microsoft-b00)
# Java VM: OpenJDK 64-Bit Server VM (25.71-b00 mixed mode windows-amd64 compressed oops)
# Failed to write core dump. Minidumps are not enabled by default on client versions of Windows
#

---------------  T H R E A D  ---------------

Current thread (0x0000000017918800):  JavaThread "C2 CompilerThread2" daemon [_thread_in_native, id=17808, stack(0x00000000183e0000,0x00000000184e0000)]

Stack: [0x00000000183e0000,0x00000000184e0000]
[error occurred during error reporting (printing stack bounds), id 0xc0000005]

Native frames: (J=compiled Java code, j=interpreted, Vv=VM code, C=native code)


Current CompileTask:
C2:  16193 3300       4       com.android.dx.dex.code.DalvCode::finishProcessingIfNecessary (69 bytes)


---------------  P R O C E S S  ---------------

Java Threads: ( => current thread )
  0x00000000179ae800 JavaThread "Service Thread" daemon [_thread_blocked, id=8716, stack(0x00000000185e0000,0x00000000186e0000)]
  0x000000001792d800 JavaThread "C1 CompilerThread3" daemon [_thread_blocked, id=14760, stack(0x00000000184e0000,0x00000000185e0000)]
=>0x0000000017918800 JavaThread "C2 CompilerThread2" daemon [_thread_in_native, id=17808, stack(0x00000000183e0000,0x00000000184e0000)]
  0x0000000017914800 JavaThread "C2 CompilerThread1" daemon [_thread_in_native, id=10972, stack(0x00000000182e0000,0x00000000183e0000)]
  0x0000000017912000 JavaThread "C2 CompilerThread0" daemon [_thread_in_native, id=6832, stack(0x00000000181e0000,0x00000000182e0000)]
  0x0000000017910000 JavaThread "Attach Listener" daemon [_thread_blocked, id=18140, stack(0x00000000180e0000,0x00000000181e0000)]
  0x000000001790f000 JavaThread "Signal Dispatcher" daemon [_thread_blocked, id=8188, stack(0x0000000017fe0000,0x00000000180e0000)]
  0x0000000002fce000 JavaThread "Finalizer" daemon [_thread_blocked, id=2488, stack(0x0000000017de0000,0x0000000017ee0000)]
  0x0000000017900800 JavaThread "Reference Handler" daemon [_thread_blocked, id=21688, stack(0x0000000017ce0000,0x0000000017de0000)]
  0x0000000002ece800 JavaThread "main" [_thread_in_Java, id=10788, stack(0x0000000002cf0000,0x0000000002df0000)]

Other Threads:
  0x0000000015ae8800 VMThread [stack: 0x00000000177e0000,0x00000000178e0000] [id=16240]
  0x00000000179af000 WatcherThread [stack: 0x00000000186e0000,0x00000000187e0000] [id=16272]

VM state:not at safepoint (normal execution)

VM Mutex/Monitor currently owned by a thread: None

heap address: 0x00000000c0000000, size: 1024 MB, Compressed Oops mode: 32-bit
Narrow klass base: 0x0000000000000000, Narrow klass shift: 3
Compressed class space size: 1073741824 Address: 0x0000000100000000

Heap:
 PSYoungGen      total 289280K, used 115903K [0x00000000eab00000, 0x00000000fe700000, 0x0000000100000000)
  eden space 258560K, 44% used [0x00000000eab00000,0x00000000f1c2fef0,0x00000000fa780000)
  from space 30720K, 0% used [0x00000000fa780000,0x00000000fa780000,0x00000000fc580000)
  to   space 27136K, 0% used [0x00000000fc580000,0x00000000fc580000,0x00000000fe000000)
 ParOldGen       total 86016K, used 85972K [0x00000000c0000000, 0x00000000c5400000, 0x00000000eab00000)
  object space 86016K, 99% used [0x00000000c0000000,0x00000000c53f5108,0x00000000c5400000)
 Metaspace       used 7205K, capacity 7800K, committed 7936K, reserved 1056768K
  class space    used 632K, capacity 688K, committed 768K, reserved 1048576K

Card table byte_map: [0x0000000012390000,0x00000000125a0000] byte_map_base: 0x0000000011d90000

Marking Bits: (ParMarkBitMap*) 0x0000000066cc8f30
 Begin Bits: [0x0000000012f00000, 0x0000000013f00000)
 End Bits:   [0x0000000013f00000, 0x0000000014f00000)

Polling page: 0x0000000001370000

CodeCache: size=245760Kb used=12117Kb max_used=12117Kb free=233642Kb
 bounds [0x0000000002fd0000, 0x0000000003bc0000, 0x0000000011fd0000]
 total_blobs=3137 nmethods=2861 adapters=189
 compilation: enabled

Compilation events (10 events):
Event: 16.152 Thread 0x000000001792d800 nmethod 3451 0x0000000003bac210 code [0x0000000003bac6a0, 0x0000000003badf58]
Event: 16.155 Thread 0x000000001792d800 3453       2       com.android.dx.util.ByteArrayAnnotatedOutput::writeShort (64 bytes)
Event: 16.156 Thread 0x000000001792d800 nmethod 3453 0x0000000003246a50 code [0x0000000003246be0, 0x0000000003246e98]
Event: 16.156 Thread 0x000000001792d800 3454       2       com.android.dx.dex.file.MemberIdItem::writeTo (231 bytes)
Event: 16.158 Thread 0x000000001792d800 nmethod 3454 0x0000000003bafd90 code [0x0000000003bb0180, 0x0000000003bb1848]
Event: 16.158 Thread 0x000000001792d800 3455       2       com.android.dx.dex.file.FieldIdItem::getTypoidIdx (17 bytes)
Event: 16.159 Thread 0x000000001792d800 nmethod 3455 0x00000000032464d0 code [0x0000000003246640, 0x0000000003246838]
Event: 16.190 Thread 0x000000001792d800 3457       2       com.android.dx.dex.file.MethodIdItem::getTypoidIdx (17 bytes)
Event: 16.191 Thread 0x000000001792d800 nmethod 3457 0x0000000003245f90 code [0x0000000003246100, 0x00000000032462c8]
Event: 16.191 Thread 0x000000001792d800 3458       2       com.android.dx.dex.file.ProtoIdsSection::indexOf (49 bytes)

GC Heap History (10 events):
Event: 9.341 GC heap before
{Heap before GC invocations=14 (full 7):
 PSYoungGen      total 289280K, used 258560K [0x00000000eab00000, 0x00000000fe700000, 0x0000000100000000)
  eden space 258560K, 100% used [0x00000000eab00000,0x00000000fa780000,0x00000000fa780000)
  from space 30720K, 0% used [0x00000000fa780000,0x00000000fa780000,0x00000000fc580000)
  to   space 27136K, 0% used [0x00000000fc580000,0x00000000fc580000,0x00000000fe000000)
 ParOldGen       total 86016K, used 85925K [0x00000000c0000000, 0x00000000c5400000, 0x00000000eab00000)
  object space 86016K, 99% used [0x00000000c0000000,0x00000000c53e9708,0x00000000c5400000)
 Metaspace       used 6715K, capacity 7350K, committed 7552K, reserved 1056768K
  class space    used 610K, capacity 622K, committed 640K, reserved 1048576K
Event: 10.105 GC heap after
Heap after GC invocations=14 (full 7):
 PSYoungGen      total 289280K, used 162444K [0x00000000eab00000, 0x00000000fe700000, 0x0000000100000000)
  eden space 258560K, 62% used [0x00000000eab00000,0x00000000f49a3220,0x00000000fa780000)
  from space 30720K, 0% used [0x00000000fa780000,0x00000000fa780000,0x00000000fc580000)
  to   space 27136K, 0% used [0x00000000fc580000,0x00000000fc580000,0x00000000fe000000)
 ParOldGen       total 86016K, used 85924K [0x00000000c0000000, 0x00000000c5400000, 0x00000000eab00000)
  object space 86016K, 99% used [0x00000000c0000000,0x00000000c53e9308,0x00000000c5400000)
 Metaspace       used 6715K, capacity 7350K, committed 7552K, reserved 1056768K
  class space    used 610K, capacity 622K, committed 640K, reserved 1048576K
}
Event: 10.254 GC heap before
{Heap before GC invocations=15 (full 8):
 PSYoungGen      total 289280K, used 258560K [0x00000000eab00000, 0x00000000fe700000, 0x0000000100000000)
  eden space 258560K, 100% used [0x00000000eab00000,0x00000000fa780000,0x00000000fa780000)
  from space 30720K, 0% used [0x00000000fa780000,0x00000000fa780000,0x00000000fc580000)
  to   space 27136K, 0% used [0x00000000fc580000,0x00000000fc580000,0x00000000fe000000)
 ParOldGen       total 86016K, used 85924K [0x00000000c0000000, 0x00000000c5400000, 0x00000000eab00000)
  object space 86016K, 99% used [0x00000000c0000000,0x00000000c53e9308,0x00000000c5400000)
 Metaspace       used 6715K, capacity 7350K, committed 7552K, reserved 1056768K
  class space    used 610K, capacity 622K, committed 640K, reserved 1048576K
Event: 10.980 GC heap after
Heap after GC invocations=15 (full 8):
 PSYoungGen      total 289280K, used 175920K [0x00000000eab00000, 0x00000000fe700000, 0x0000000100000000)
  eden space 258560K, 68% used [0x00000000eab00000,0x00000000f56cc3a0,0x00000000fa780000)
  from space 30720K, 0% used [0x00000000fa780000,0x00000000fa780000,0x00000000fc580000)
  to   space 27136K, 0% used [0x00000000fc580000,0x00000000fc580000,0x00000000fe000000)
 ParOldGen       total 86016K, used 85924K [0x00000000c0000000, 0x00000000c5400000, 0x00000000eab00000)
  object space 86016K, 99% used [0x00000000c0000000,0x00000000c53e9048,0x00000000c5400000)
 Metaspace       used 6715K, capacity 7350K, committed 7552K, reserved 1056768K
  class space    used 610K, capacity 622K, committed 640K, reserved 1048576K
}
Event: 11.108 GC heap before
{Heap before GC invocations=16 (full 9):
 PSYoungGen      total 289280K, used 258560K [0x00000000eab00000, 0x00000000fe700000, 0x0000000100000000)
  eden space 258560K, 100% used [0x00000000eab00000,0x00000000fa780000,0x00000000fa780000)
  from space 30720K, 0% used [0x00000000fa780000,0x00000000fa780000,0x00000000fc580000)
  to   space 27136K, 0% used [0x00000000fc580000,0x00000000fc580000,0x00000000fe000000)
 ParOldGen       total 86016K, used 85924K [0x00000000c0000000, 0x00000000c5400000, 0x00000000eab00000)
  object space 86016K, 99% used [0x00000000c0000000,0x00000000c53e9048,0x00000000c5400000)
 Metaspace       used 6718K, capacity 7350K, committed 7552K, reserved 1056768K
  class space    used 610K, capacity 622K, committed 640K, reserved 1048576K
Event: 11.724 GC heap after
Heap after GC invocations=16 (full 9):
 PSYoungGen      total 289280K, used 187461K [0x00000000eab00000, 0x00000000fe700000, 0x0000000100000000)
  eden space 258560K, 72% used [0x00000000eab00000,0x00000000f6211400,0x00000000fa780000)
  from space 30720K, 0% used [0x00000000fa780000,0x00000000fa780000,0x00000000fc580000)
  to   space 27136K, 0% used [0x00000000fc580000,0x00000000fc580000,0x00000000fe000000)
 ParOldGen       total 86016K, used 85923K [0x00000000c0000000, 0x00000000c5400000, 0x00000000eab00000)
  object space 86016K, 99% used [0x00000000c0000000,0x00000000c53e8d88,0x00000000c5400000)
 Metaspace       used 6718K, capacity 7350K, committed 7552K, reserved 1056768K
  class space    used 610K, capacity 622K, committed 640K, reserved 1048576K
}
Event: 12.198 GC heap before
{Heap before GC invocations=17 (full 10):
 PSYoungGen      total 289280K, used 258560K [0x00000000eab00000, 0x00000000fe700000, 0x0000000100000000)
  eden space 258560K, 100% used [0x00000000eab00000,0x00000000fa780000,0x00000000fa780000)
  from space 30720K, 0% used [0x00000000fa780000,0x00000000fa780000,0x00000000fc580000)
  to   space 27136K, 0% used [0x00000000fc580000,0x00000000fc580000,0x00000000fe000000)
 ParOldGen       total 86016K, used 85923K [0x00000000c0000000, 0x00000000c5400000, 0x00000000eab00000)
  object space 86016K, 99% used [0x00000000c0000000,0x00000000c53e8d88,0x00000000c5400000)
 Metaspace       used 6817K, capacity 7448K, committed 7680K, reserved 1056768K
  class space    used 615K, capacity 656K, committed 768K, reserved 1048576K
Event: 14.191 GC heap after
Heap after GC invocations=17 (full 10):
 PSYoungGen      total 289280K, used 191743K [0x00000000eab00000, 0x00000000fe700000, 0x0000000100000000)
  eden space 258560K, 74% used [0x00000000eab00000,0x00000000f663fec8,0x00000000fa780000)
  from space 30720K, 0% used [0x00000000fa780000,0x00000000fa780000,0x00000000fc580000)
  to   space 27136K, 0% used [0x00000000fc580000,0x00000000fc580000,0x00000000fe000000)
 ParOldGen       total 86016K, used 85755K [0x00000000c0000000, 0x00000000c5400000, 0x00000000eab00000)
  object space 86016K, 99% used [0x00000000c0000000,0x00000000c53beff8,0x00000000c5400000)
 Metaspace       used 6817K, capacity 7448K, committed 7680K, reserved 1056768K
  class space    used 615K, capacity 656K, committed 768K, reserved 1048576K
}
Event: 15.164 GC heap before
{Heap before GC invocations=18 (full 11):
 PSYoungGen      total 289280K, used 258560K [0x00000000eab00000, 0x00000000fe700000, 0x0000000100000000)
  eden space 258560K, 100% used [0x00000000eab00000,0x00000000fa780000,0x00000000fa780000)
  from space 30720K, 0% used [0x00000000fa780000,0x00000000fa780000,0x00000000fc580000)
  to   space 27136K, 0% used [0x00000000fc580000,0x00000000fc580000,0x00000000fe000000)
 ParOldGen       total 86016K, used 85755K [0x00000000c0000000, 0x00000000c5400000, 0x00000000eab00000)
  object space 86016K, 99% used [0x00000000c0000000,0x00000000c53beff8,0x00000000c5400000)
 Metaspace       used 7090K, capacity 7736K, committed 7936K, reserved 1056768K
  class space    used 629K, capacity 688K, committed 768K, reserved 1048576K
Event: 15.854 GC heap after
Heap after GC invocations=18 (full 11):
 PSYoungGen      total 289280K, used 74943K [0x00000000eab00000, 0x00000000fe700000, 0x0000000100000000)
  eden space 258560K, 28% used [0x00000000eab00000,0x00000000ef42ff20,0x00000000fa780000)
  from space 30720K, 0% used [0x00000000fa780000,0x00000000fa780000,0x00000000fc580000)
  to   space 27136K, 0% used [0x00000000fc580000,0x00000000fc580000,0x00000000fe000000)
 ParOldGen       total 86016K, used 85972K [0x00000000c0000000, 0x00000000c5400000, 0x00000000eab00000)
  object space 86016K, 99% used [0x00000000c0000000,0x00000000c53f5108,0x00000000c5400000)
 Metaspace       used 7090K, capacity 7736K, committed 7936K, reserved 1056768K
  class space    used 629K, capacity 688K, committed 768K, reserved 1048576K
}

Deoptimization events (10 events):
Event: 14.562 Thread 0x0000000002ece800 Uncommon trap: reason=array_check action=maybe_recompile pc=0x00000000037fea50 method=java.util.ComparableTimSort.binarySort([Ljava/lang/Object;III)V @ 215
Event: 14.574 Thread 0x0000000002ece800 Uncommon trap: reason=unstable_if action=reinterpret pc=0x00000000037a28d4 method=com.android.dx.dex.code.OutputFinisher.align64bits([Lcom/android/dx/dex/code/Dop;)V @ 205
Event: 14.618 Thread 0x0000000002ece800 Uncommon trap: reason=array_check action=maybe_recompile pc=0x00000000037feb14 method=java.util.ComparableTimSort.binarySort([Ljava/lang/Object;III)V @ 193
Event: 14.684 Thread 0x0000000002ece800 Uncommon trap: reason=unstable_if action=reinterpret pc=0x000000000375610c method=com.android.dx.rop.code.RegisterSpec.matchesVariable(Lcom/android/dx/rop/code/RegisterSpec;)Z @ 59
Event: 14.705 Thread 0x0000000002ece800 Uncommon trap: reason=unstable_if action=reinterpret pc=0x0000000003412188 method=com.android.dx.dex.code.LocalList$MakeState.snapshot(ILcom/android/dx/rop/code/RegisterSpecSet;)V @ 86
Event: 14.764 Thread 0x0000000002ece800 Uncommon trap: reason=unstable_if action=reinterpret pc=0x0000000003735178 method=com.android.dx.dex.code.LocalList$MakeState.startLocal(ILcom/android/dx/rop/code/RegisterSpec;)V @ 121
Event: 14.784 Thread 0x0000000002ece800 Uncommon trap: reason=unstable_if action=reinterpret pc=0x00000000035edd04 method=com.android.dx.dex.code.LocalList$MakeState.aboutToProcess(II)V @ 54
Event: 14.918 Thread 0x0000000002ece800 Uncommon trap: reason=null_check action=make_not_entrant pc=0x0000000003812c00 method=com.android.dx.dex.code.LocalList$MakeState.checkForEmptyRange(ILcom/android/dx/rop/code/RegisterSpec;)Z @ 119
Event: 14.956 Thread 0x0000000002ece800 Uncommon trap: reason=unstable_if action=reinterpret pc=0x0000000003877324 method=com.android.dx.rop.code.RegisterSpec.matchesVariable(Lcom/android/dx/rop/code/RegisterSpec;)Z @ 59
Event: 16.037 Thread 0x0000000002ece800 Uncommon trap: reason=unstable_if action=reinterpret pc=0x00000000030e23b4 method=java.lang.Long.numberOfTrailingZeros(J)I @ 3

Classes redefined (0 events):
No events

Internal exceptions (8 events):
Event: 0.025 Thread 0x0000000002ece800 Exception <a 'java/lang/NoSuchMethodError': Method sun.misc.Unsafe.defineClass(Ljava/lang/String;[BII)Ljava/lang/Class; name or signature does not match> (0x00000000eab07cb0) thrown at [D:\j\worksp~1\openjd~3\jdk8u\hotspot\src\share\vm\prims\jni.cpp, line
Event: 0.026 Thread 0x0000000002ece800 Exception <a 'java/lang/NoSuchMethodError': Method sun.misc.Unsafe.prefetchRead(Ljava/lang/Object;J)V name or signature does not match> (0x00000000eab07f98) thrown at [D:\j\worksp~1\openjd~3\jdk8u\hotspot\src\share\vm\prims\jni.cpp, line 4012]
Event: 0.856 Thread 0x0000000018805800 Implicit null exception at 0x00000000032771e2 to 0x00000000032772d2
Event: 1.826 Thread 0x0000000002ece800 Exception <a 'java/lang/ArrayIndexOutOfBoundsException': 18> (0x00000000ec9597b8) thrown at [D:\j\worksp~1\openjd~3\jdk8u\hotspot\src\share\vm\interpreter\interpreterRuntime.cpp, line 368]
Event: 1.827 Thread 0x0000000002ece800 Exception <a 'java/lang/ArrayIndexOutOfBoundsException': 145> (0x00000000ec95b338) thrown at [D:\j\worksp~1\openjd~3\jdk8u\hotspot\src\share\vm\interpreter\interpreterRuntime.cpp, line 368]
Event: 1.827 Thread 0x0000000002ece800 Exception <a 'java/lang/ArrayIndexOutOfBoundsException'> (0x00000000ec95c620) thrown at [D:\j\worksp~1\openjd~3\jdk8u\hotspot\src\share\vm\runtime\sharedRuntime.cpp, line 605]
Event: 11.749 Thread 0x0000000002ece800 Implicit null exception at 0x0000000003b2c988 to 0x0000000003b31215
Event: 14.918 Thread 0x0000000002ece800 Implicit null exception at 0x0000000003810c0c to 0x0000000003812bd3

Events (10 events):
Event: 15.882 loading class com/android/dx/dex/file/DebugInfoEncoder$2 done
Event: 16.032 loading class com/android/dex/EncodedValueCodec
Event: 16.032 loading class com/android/dex/EncodedValueCodec done
Event: 16.037 Thread 0x0000000002ece800 Uncommon trap: trap_request=0xffffff65 fr.pc=0x00000000030e23b4
Event: 16.037 Thread 0x0000000002ece800 DEOPT PACKING pc=0x00000000030e23b4 sp=0x0000000002def030
Event: 16.037 Thread 0x0000000002ece800 DEOPT UNPACKING pc=0x000000000301557b sp=0x0000000002deefc0 mode 2
Event: 16.104 loading class com/android/dx/dex/file/MapItem
Event: 16.104 loading class com/android/dx/dex/file/MapItem done
Event: 16.132 loading class com/android/dex/DexFormat
Event: 16.132 loading class com/android/dex/DexFormat done


Dynamic libraries:
0x00007ff601e60000 - 0x00007ff601e95000 	C:\Program Files\Android\Jdk\microsoft_dist_openjdk_1.8.0.25\bin\java.exe
0x00007ffe698c0000 - 0x00007ffe69ab0000 	C:\WINDOWS\SYSTEM32\ntdll.dll
0x00007ffe67970000 - 0x00007ffe67a22000 	C:\WINDOWS\System32\KERNEL32.DLL
0x00007ffe66c80000 - 0x00007ffe66f23000 	C:\WINDOWS\System32\KERNELBASE.dll
0x00007ffe697d0000 - 0x00007ffe69873000 	C:\WINDOWS\System32\ADVAPI32.dll
0x00007ffe68180000 - 0x00007ffe6821e000 	C:\WINDOWS\System32\msvcrt.dll
0x00007ffe68450000 - 0x00007ffe684e7000 	C:\WINDOWS\System32\sechost.dll
0x00007ffe67f70000 - 0x00007ffe68090000 	C:\WINDOWS\System32\RPCRT4.dll
0x00007ffe67d70000 - 0x00007ffe67f04000 	C:\WINDOWS\System32\USER32.dll
0x00007ffe66c50000 - 0x00007ffe66c71000 	C:\WINDOWS\System32\win32u.dll
0x00007ffe68740000 - 0x00007ffe68766000 	C:\WINDOWS\System32\GDI32.dll
0x00007ffe676b0000 - 0x00007ffe67844000 	C:\WINDOWS\System32\gdi32full.dll
0x00007ffe67850000 - 0x00007ffe678ee000 	C:\WINDOWS\System32\msvcp_win.dll
0x00007ffe66850000 - 0x00007ffe6694a000 	C:\WINDOWS\System32\ucrtbase.dll
0x00007ffe65c40000 - 0x00007ffe65ec5000 	C:\WINDOWS\WinSxS\amd64_microsoft.windows.common-controls_6595b64144ccf1df_6.0.18362.592_none_e6c0b1911312be02\COMCTL32.dll
0x00007ffe67a30000 - 0x00007ffe67d66000 	C:\WINDOWS\System32\combase.dll
0x00007ffe66a60000 - 0x00007ffe66ae0000 	C:\WINDOWS\System32\bcryptPrimitives.dll
0x00007ffe69740000 - 0x00007ffe6976e000 	C:\WINDOWS\System32\IMM32.DLL
0x0000000066d50000 - 0x0000000066e21000 	C:\Program Files\Android\Jdk\microsoft_dist_openjdk_1.8.0.25\jre\bin\msvcr100.dll
0x0000000066500000 - 0x0000000066d45000 	C:\Program Files\Android\Jdk\microsoft_dist_openjdk_1.8.0.25\jre\bin\server\jvm.dll
0x00007ffe68170000 - 0x00007ffe68178000 	C:\WINDOWS\System32\PSAPI.DLL
0x00007ffe63d20000 - 0x00007ffe63d44000 	C:\WINDOWS\SYSTEM32\WINMM.dll
0x00007ffe5f260000 - 0x00007ffe5f269000 	C:\WINDOWS\SYSTEM32\WSOCK32.dll
0x00007ffe624d0000 - 0x00007ffe624da000 	C:\WINDOWS\SYSTEM32\VERSION.dll
0x00007ffe68090000 - 0x00007ffe680ff000 	C:\WINDOWS\System32\WS2_32.dll
0x00007ffe63cf0000 - 0x00007ffe63d1d000 	C:\WINDOWS\SYSTEM32\winmmbase.dll
0x00007ffe67920000 - 0x00007ffe6796a000 	C:\WINDOWS\System32\cfgmgr32.dll
0x00007ffe5cde0000 - 0x00007ffe5cdef000 	C:\Program Files\Android\Jdk\microsoft_dist_openjdk_1.8.0.25\jre\bin\verify.dll
0x00007ffe5ba40000 - 0x00007ffe5ba69000 	C:\Program Files\Android\Jdk\microsoft_dist_openjdk_1.8.0.25\jre\bin\java.dll
0x00007ffe5ba20000 - 0x00007ffe5ba36000 	C:\Program Files\Android\Jdk\microsoft_dist_openjdk_1.8.0.25\jre\bin\zip.dll
0x00007ffe68de0000 - 0x00007ffe694c5000 	C:\WINDOWS\System32\SHELL32.dll
0x00007ffe68d30000 - 0x00007ffe68dd9000 	C:\WINDOWS\System32\shcore.dll
0x00007ffe66f30000 - 0x00007ffe676af000 	C:\WINDOWS\System32\windows.storage.dll
0x00007ffe667a0000 - 0x00007ffe667bf000 	C:\WINDOWS\System32\profapi.dll
0x00007ffe66800000 - 0x00007ffe6684a000 	C:\WINDOWS\System32\powrprof.dll
0x00007ffe66790000 - 0x00007ffe667a0000 	C:\WINDOWS\System32\UMPDC.dll
0x00007ffe694d0000 - 0x00007ffe69522000 	C:\WINDOWS\System32\shlwapi.dll
0x00007ffe667e0000 - 0x00007ffe667f1000 	C:\WINDOWS\System32\kernel.appcore.dll
0x00007ffe66ae0000 - 0x00007ffe66af7000 	C:\WINDOWS\System32\cryptsp.dll

VM Arguments:
jvm_args: -Dfile.encoding=UTF8 -Xmx1G 
java_command: C:\Program Files (x86)\Android\android-sdk\build-tools\28.0.3\\lib\dx.jar --dex --no-strict --input-list=C:\Users\mic20\AppData\Local\Temp\tmpEF2B.tmp --output obj\Debug\90\android\bin
java_class_path (initial): C:\Program Files (x86)\Android\android-sdk\build-tools\28.0.3\\lib\dx.jar
Launcher Type: SUN_STANDARD

Environment Variables:
PATH=C:\Program Files\Android\Jdk\microsoft_dist_openjdk_1.8.0.25\bin;C:\Program Files\Haskell\bin;E:\ProgrammeE\HaskellPlatform\8.6.5\lib\extralibs\bin;E:\ProgrammeE\HaskellPlatform\8.6.5\bin;C:\Program Files (x86)\Python37-32\Scripts\;C:\Program Files (x86)\Python37-32\;C:\Program Files (x86)\Common Files\Oracle\Java\javapath;C:\ProgramData\Oracle\Java\javapath;C:\WINDOWS\system32;C:\WINDOWS;C:\WINDOWS\System32\Wbem;C:\WINDOWS\System32\WindowsPowerShell\v1.0\;C:\WINDOWS\System32\OpenSSH\;E:\ProgrammeE\nodeJS\;C:\Program Files\Java\jdk-12.0.1\bin;C:\Program Files (x86)\scala\bin;C:\Program Files\MiKTeX 2.9\miktex\bin\x64\;C:\Strawberry\c\bin;C:\Strawberry\perl\site\bin;C:\Strawberry\perl\bin;C:\Program Files (x86)\GnuWin32\bin;E:\ProgrammeE\HaskellPlatform\8.6.5\mingw\bin;C:\Program Files\Git\cmd;C:\Program Files\Microsoft SQL Server\120\Tools\Binn\;C:\Program Files\dotnet\;C:\Users\mic20\AppData\Roaming\cabal\bin;C:\Users\mic20\AppData\Roaming\local\bin;C:\Users\mic20\AppData\Local\Microsoft\WindowsApps;C:\Users\mic20\AppData\Roaming\npm;C:\Program Files\Java\jdk-12.0.1\bin;E:\ProgrammeE\CLion 2019.1.2\bin;E:\ProgrammeE\Microsoft VS Code\bin;C:\Users\mic20\AppData\Local\Microsoft\WindowsApps;C:\texlive\2019\bin\win32;C:\Program Files (x86)\Python37-32\python.exe;
USERNAME=mic20
OS=Windows_NT
PROCESSOR_IDENTIFIER=Intel64 Family 6 Model 58 Stepping 9, GenuineIntel



---------------  S Y S T E M  ---------------

OS: Windows 10.0 , 64 bit Build 18362 (10.0.18362.329)

CPU:total 8 (initial active 8) (4 cores per cpu, 2 threads per core) family 6 model 58 stepping 9, cmov, cx8, fxsr, mmx, sse, sse2, sse3, ssse3, sse4.1, sse4.2, popcnt, avx, aes, clmul, erms, ht, tsc, tscinvbit, tscinv

Memory: 4k page, physical 8245308k(1835252k free), swap 9293884k(5460k free)

vm_info: OpenJDK 64-Bit Server VM (25.71-b00) for windows-amd64 JRE (1.8.0-25-microsoft-b00), built on Feb  7 2019 20:09:14 by "builder" with MS VC++ 10.0 (VS2010)

time: Sun Jan 26 23:02:56 2020
timezone: W. Europe Standard Time
elapsed time: 16 seconds (0d 0h 0m 16s)

