#
# There is insufficient memory for the Java Runtime Environment to continue.
# Native memory allocation (malloc) failed to allocate 65552 bytes for Chunk::new
# Possible reasons:
#   The system is out of physical RAM or swap space
#   The process is running with CompressedOops enabled, and the Java Heap may be blocking the growth of the native heap
# Possible solutions:
#   Reduce memory load on the system
#   Increase physical memory or swap space
#   Check if swap backing store is full
#   Decrease Java heap size (-Xmx/-Xms)
#   Decrease number of Java threads
#   Decrease Java thread stack sizes (-Xss)
#   Set larger code cache with -XX:ReservedCodeCacheSize=
#   JVM is running with Unscaled Compressed Oops mode in which the Java heap is
#     placed in the first 4GB address space. The Java Heap base address is the
#     maximum limit for the native heap growth. Please use -XX:HeapBaseMinAddress
#     to set the Java Heap base and to place the Java Heap above 4GB virtual address.
# This output file may be truncated or incomplete.
#
#  Out of Memory Error (allocation.cpp:389), pid=4996, tid=0x0000000000000aac
#
# JRE version: OpenJDK Runtime Environment (8.0) (build 1.8.0-25-microsoft-b00)
# Java VM: OpenJDK 64-Bit Server VM (25.71-b00 mixed mode windows-amd64 compressed oops)
# Failed to write core dump. Minidumps are not enabled by default on client versions of Windows
#

---------------  T H R E A D  ---------------

Current thread (0x0000000017082800):  JavaThread "C2 CompilerThread0" daemon [_thread_in_native, id=2732, stack(0x0000000017950000,0x0000000017a50000)]

Stack: [0x0000000017950000,0x0000000017a50000]
[error occurred during error reporting (printing stack bounds), id 0xc0000005]

Native frames: (J=compiled Java code, j=interpreted, Vv=VM code, C=native code)


Current CompileTask:
C2:   1380 1809       4       com.android.dx.ssa.SCCP::simulateBlock (54 bytes)


---------------  P R O C E S S  ---------------

Java Threads: ( => current thread )
  0x0000000017442800 JavaThread "pool-2-thread-1" [_thread_blocked, id=8760, stack(0x0000000018850000,0x0000000018950000)]
  0x00000000173ce800 JavaThread "pool-1-thread-1" [_thread_in_Java, id=11720, stack(0x0000000018750000,0x0000000018850000)]
  0x0000000017122800 JavaThread "Service Thread" daemon [_thread_blocked, id=10608, stack(0x0000000017d50000,0x0000000017e50000)]
  0x000000001709c800 JavaThread "C1 CompilerThread3" daemon [_thread_in_native, id=18992, stack(0x0000000017c50000,0x0000000017d50000)]
  0x0000000017095800 JavaThread "C2 CompilerThread2" daemon [_thread_in_native, id=9872, stack(0x0000000017b50000,0x0000000017c50000)]
  0x0000000017088800 JavaThread "C2 CompilerThread1" daemon [_thread_in_native, id=9272, stack(0x0000000017a50000,0x0000000017b50000)]
=>0x0000000017082800 JavaThread "C2 CompilerThread0" daemon [_thread_in_native, id=2732, stack(0x0000000017950000,0x0000000017a50000)]
  0x0000000017080000 JavaThread "Attach Listener" daemon [_thread_blocked, id=15124, stack(0x0000000017850000,0x0000000017950000)]
  0x000000001707f000 JavaThread "Signal Dispatcher" daemon [_thread_blocked, id=7588, stack(0x0000000017750000,0x0000000017850000)]
  0x000000001527d000 JavaThread "Finalizer" daemon [_thread_blocked, id=7684, stack(0x0000000017550000,0x0000000017650000)]
  0x0000000017070800 JavaThread "Reference Handler" daemon [_thread_blocked, id=4988, stack(0x0000000017450000,0x0000000017550000)]
  0x000000000255e800 JavaThread "main" [_thread_in_Java, id=14864, stack(0x0000000002560000,0x0000000002660000)]

Other Threads:
  0x0000000015279000 VMThread [stack: 0x0000000016f50000,0x0000000017050000] [id=10964]
  0x00000000170e6000 WatcherThread [stack: 0x0000000017e50000,0x0000000017f50000] [id=14360]

VM state:not at safepoint (normal execution)

VM Mutex/Monitor currently owned by a thread: None

heap address: 0x00000000c0000000, size: 1024 MB, Compressed Oops mode: 32-bit
Narrow klass base: 0x0000000000000000, Narrow klass shift: 3
Compressed class space size: 1073741824 Address: 0x0000000100000000

Heap:
 PSYoungGen      total 70656K, used 15770K [0x00000000eab00000, 0x00000000ef500000, 0x0000000100000000)
  eden space 65536K, 16% used [0x00000000eab00000,0x00000000eb566978,0x00000000eeb00000)
  from space 5120K, 100% used [0x00000000eeb00000,0x00000000ef000000,0x00000000ef000000)
  to   space 5120K, 0% used [0x00000000ef000000,0x00000000ef000000,0x00000000ef500000)
 ParOldGen       total 86016K, used 26749K [0x00000000c0000000, 0x00000000c5400000, 0x00000000eab00000)
  object space 86016K, 31% used [0x00000000c0000000,0x00000000c1a1f628,0x00000000c5400000)
 Metaspace       used 6393K, capacity 7216K, committed 7296K, reserved 1056768K
  class space    used 581K, capacity 616K, committed 640K, reserved 1048576K

Card table byte_map: [0x0000000011b20000,0x0000000011d30000] byte_map_base: 0x0000000011520000

Marking Bits: (ParMarkBitMap*) 0x000000005be08f30
 Begin Bits: [0x0000000012690000, 0x0000000013690000)
 End Bits:   [0x0000000013690000, 0x0000000014690000)

Polling page: 0x0000000000630000

CodeCache: size=245760Kb used=7245Kb max_used=7245Kb free=238514Kb
 bounds [0x0000000002760000, 0x0000000002e80000, 0x0000000011760000]
 total_blobs=2098 nmethods=1824 adapters=187
 compilation: enabled

Compilation events (10 events):
Event: 1.353 Thread 0x000000001709c800 nmethod 1877 0x0000000002e67850 code [0x0000000002e679c0, 0x0000000002e67b48]
Event: 1.353 Thread 0x000000001709c800 1878       2       java.util.concurrent.LinkedBlockingQueue$Node::<init> (10 bytes)
Event: 1.353 Thread 0x000000001709c800 nmethod 1878 0x0000000002e67510 code [0x0000000002e67660, 0x0000000002e677d0]
Event: 1.353 Thread 0x000000001709c800 1879   !   2       java.util.concurrent.ArrayBlockingQueue::offer (55 bytes)
Event: 1.353 Thread 0x000000001709c800 nmethod 1879 0x0000000002e66cd0 code [0x0000000002e66e80, 0x0000000002e671b8]
Event: 1.353 Thread 0x000000001709c800 1880       2       java.util.concurrent.ArrayBlockingQueue::checkNotNull (13 bytes)
Event: 1.354 Thread 0x000000001709c800 nmethod 1880 0x0000000002e668d0 code [0x0000000002e66a40, 0x0000000002e66c08]
Event: 1.354 Thread 0x000000001709c800 1881       2       java.util.concurrent.locks.ReentrantLock$FairSync::lock (6 bytes)
Event: 1.354 Thread 0x000000001709c800 nmethod 1881 0x0000000002e663d0 code [0x0000000002e66560, 0x0000000002e66778]
Event: 1.377 Thread 0x000000001709c800 1884   !   2       java.util.concurrent.ThreadPoolExecutor::addWorker (292 bytes)

GC Heap History (10 events):
Event: 0.526 GC heap before
{Heap before GC invocations=1 (full 0):
 PSYoungGen      total 37888K, used 32768K [0x00000000eab00000, 0x00000000ed500000, 0x0000000100000000)
  eden space 32768K, 100% used [0x00000000eab00000,0x00000000ecb00000,0x00000000ecb00000)
  from space 5120K, 0% used [0x00000000ed000000,0x00000000ed000000,0x00000000ed500000)
  to   space 5120K, 0% used [0x00000000ecb00000,0x00000000ecb00000,0x00000000ed000000)
 ParOldGen       total 86016K, used 0K [0x00000000c0000000, 0x00000000c5400000, 0x00000000eab00000)
  object space 86016K, 0% used [0x00000000c0000000,0x00000000c0000000,0x00000000c5400000)
 Metaspace       used 5853K, capacity 6832K, committed 7040K, reserved 1056768K
  class space    used 570K, capacity 616K, committed 640K, reserved 1048576K
Event: 0.531 GC heap after
Heap after GC invocations=1 (full 0):
 PSYoungGen      total 37888K, used 5088K [0x00000000eab00000, 0x00000000ed500000, 0x0000000100000000)
  eden space 32768K, 0% used [0x00000000eab00000,0x00000000eab00000,0x00000000ecb00000)
  from space 5120K, 99% used [0x00000000ecb00000,0x00000000ecff8090,0x00000000ed000000)
  to   space 5120K, 0% used [0x00000000ed000000,0x00000000ed000000,0x00000000ed500000)
 ParOldGen       total 86016K, used 1276K [0x00000000c0000000, 0x00000000c5400000, 0x00000000eab00000)
  object space 86016K, 1% used [0x00000000c0000000,0x00000000c013f2d8,0x00000000c5400000)
 Metaspace       used 5853K, capacity 6832K, committed 7040K, reserved 1056768K
  class space    used 570K, capacity 616K, committed 640K, reserved 1048576K
}
Event: 0.730 GC heap before
{Heap before GC invocations=2 (full 0):
 PSYoungGen      total 37888K, used 37856K [0x00000000eab00000, 0x00000000ed500000, 0x0000000100000000)
  eden space 32768K, 100% used [0x00000000eab00000,0x00000000ecb00000,0x00000000ecb00000)
  from space 5120K, 99% used [0x00000000ecb00000,0x00000000ecff8090,0x00000000ed000000)
  to   space 5120K, 0% used [0x00000000ed000000,0x00000000ed000000,0x00000000ed500000)
 ParOldGen       total 86016K, used 1276K [0x00000000c0000000, 0x00000000c5400000, 0x00000000eab00000)
  object space 86016K, 1% used [0x00000000c0000000,0x00000000c013f2d8,0x00000000c5400000)
 Metaspace       used 6091K, capacity 7024K, committed 7296K, reserved 1056768K
  class space    used 571K, capacity 616K, committed 640K, reserved 1048576K
Event: 0.738 GC heap after
Heap after GC invocations=2 (full 0):
 PSYoungGen      total 37888K, used 5111K [0x00000000eab00000, 0x00000000ef500000, 0x0000000100000000)
  eden space 32768K, 0% used [0x00000000eab00000,0x00000000eab00000,0x00000000ecb00000)
  from space 5120K, 99% used [0x00000000ed000000,0x00000000ed4fdcc8,0x00000000ed500000)
  to   space 5120K, 0% used [0x00000000ecb00000,0x00000000ecb00000,0x00000000ed000000)
 ParOldGen       total 86016K, used 5652K [0x00000000c0000000, 0x00000000c5400000, 0x00000000eab00000)
  object space 86016K, 6% used [0x00000000c0000000,0x00000000c05852d8,0x00000000c5400000)
 Metaspace       used 6091K, capacity 7024K, committed 7296K, reserved 1056768K
  class space    used 571K, capacity 616K, committed 640K, reserved 1048576K
}
Event: 0.873 GC heap before
{Heap before GC invocations=3 (full 0):
 PSYoungGen      total 37888K, used 37879K [0x00000000eab00000, 0x00000000ef500000, 0x0000000100000000)
  eden space 32768K, 100% used [0x00000000eab00000,0x00000000ecb00000,0x00000000ecb00000)
  from space 5120K, 99% used [0x00000000ed000000,0x00000000ed4fdcc8,0x00000000ed500000)
  to   space 5120K, 0% used [0x00000000ecb00000,0x00000000ecb00000,0x00000000ed000000)
 ParOldGen       total 86016K, used 5652K [0x00000000c0000000, 0x00000000c5400000, 0x00000000eab00000)
  object space 86016K, 6% used [0x00000000c0000000,0x00000000c05852d8,0x00000000c5400000)
 Metaspace       used 6171K, capacity 7088K, committed 7296K, reserved 1056768K
  class space    used 571K, capacity 616K, committed 640K, reserved 1048576K
Event: 0.882 GC heap after
Heap after GC invocations=3 (full 0):
 PSYoungGen      total 37888K, used 5102K [0x00000000eab00000, 0x00000000ef500000, 0x0000000100000000)
  eden space 32768K, 0% used [0x00000000eab00000,0x00000000eab00000,0x00000000ecb00000)
  from space 5120K, 99% used [0x00000000ecb00000,0x00000000ecffb900,0x00000000ed000000)
  to   space 5120K, 0% used [0x00000000ef000000,0x00000000ef000000,0x00000000ef500000)
 ParOldGen       total 86016K, used 10839K [0x00000000c0000000, 0x00000000c5400000, 0x00000000eab00000)
  object space 86016K, 12% used [0x00000000c0000000,0x00000000c0a95c98,0x00000000c5400000)
 Metaspace       used 6171K, capacity 7088K, committed 7296K, reserved 1056768K
  class space    used 571K, capacity 616K, committed 640K, reserved 1048576K
}
Event: 1.079 GC heap before
{Heap before GC invocations=4 (full 0):
 PSYoungGen      total 37888K, used 37870K [0x00000000eab00000, 0x00000000ef500000, 0x0000000100000000)
  eden space 32768K, 100% used [0x00000000eab00000,0x00000000ecb00000,0x00000000ecb00000)
  from space 5120K, 99% used [0x00000000ecb00000,0x00000000ecffb900,0x00000000ed000000)
  to   space 5120K, 0% used [0x00000000ef000000,0x00000000ef000000,0x00000000ef500000)
 ParOldGen       total 86016K, used 10839K [0x00000000c0000000, 0x00000000c5400000, 0x00000000eab00000)
  object space 86016K, 12% used [0x00000000c0000000,0x00000000c0a95c98,0x00000000c5400000)
 Metaspace       used 6347K, capacity 7216K, committed 7296K, reserved 1056768K
  class space    used 581K, capacity 616K, committed 640K, reserved 1048576K
Event: 1.092 GC heap after
Heap after GC invocations=4 (full 0):
 PSYoungGen      total 70656K, used 5120K [0x00000000eab00000, 0x00000000ef500000, 0x0000000100000000)
  eden space 65536K, 0% used [0x00000000eab00000,0x00000000eab00000,0x00000000eeb00000)
  from space 5120K, 100% used [0x00000000ef000000,0x00000000ef500000,0x00000000ef500000)
  to   space 5120K, 0% used [0x00000000eeb00000,0x00000000eeb00000,0x00000000ef000000)
 ParOldGen       total 86016K, used 16962K [0x00000000c0000000, 0x00000000c5400000, 0x00000000eab00000)
  object space 86016K, 19% used [0x00000000c0000000,0x00000000c1090870,0x00000000c5400000)
 Metaspace       used 6347K, capacity 7216K, committed 7296K, reserved 1056768K
  class space    used 581K, capacity 616K, committed 640K, reserved 1048576K
}
Event: 1.332 GC heap before
{Heap before GC invocations=5 (full 0):
 PSYoungGen      total 70656K, used 70656K [0x00000000eab00000, 0x00000000ef500000, 0x0000000100000000)
  eden space 65536K, 100% used [0x00000000eab00000,0x00000000eeb00000,0x00000000eeb00000)
  from space 5120K, 100% used [0x00000000ef000000,0x00000000ef500000,0x00000000ef500000)
  to   space 5120K, 0% used [0x00000000eeb00000,0x00000000eeb00000,0x00000000ef000000)
 ParOldGen       total 86016K, used 16962K [0x00000000c0000000, 0x00000000c5400000, 0x00000000eab00000)
  object space 86016K, 19% used [0x00000000c0000000,0x00000000c1090870,0x00000000c5400000)
 Metaspace       used 6381K, capacity 7216K, committed 7296K, reserved 1056768K
  class space    used 581K, capacity 616K, committed 640K, reserved 1048576K
Event: 1.352 GC heap after
Heap after GC invocations=5 (full 0):
 PSYoungGen      total 70656K, used 5120K [0x00000000eab00000, 0x00000000ef500000, 0x0000000100000000)
  eden space 65536K, 0% used [0x00000000eab00000,0x00000000eab00000,0x00000000eeb00000)
  from space 5120K, 100% used [0x00000000eeb00000,0x00000000ef000000,0x00000000ef000000)
  to   space 5120K, 0% used [0x00000000ef000000,0x00000000ef000000,0x00000000ef500000)
 ParOldGen       total 86016K, used 26749K [0x00000000c0000000, 0x00000000c5400000, 0x00000000eab00000)
  object space 86016K, 31% used [0x00000000c0000000,0x00000000c1a1f628,0x00000000c5400000)
 Metaspace       used 6381K, capacity 7216K, committed 7296K, reserved 1056768K
  class space    used 581K, capacity 616K, committed 640K, reserved 1048576K
}

Deoptimization events (10 events):
Event: 0.906 Thread 0x000000000255e800 Uncommon trap: reason=class_check action=maybe_recompile pc=0x0000000002d29bf8 method=com.android.dx.ssa.SsaMethod.mapRegisters(Lcom/android/dx/ssa/RegisterMapper;)V @ 53
Event: 0.910 Thread 0x000000000255e800 Uncommon trap: reason=null_check action=make_not_entrant pc=0x0000000002a12ba0 method=com.android.dx.rop.type.Type.equals(Ljava/lang/Object;)Z @ 8
Event: 0.911 Thread 0x00000000173ce800 Uncommon trap: reason=class_check action=maybe_recompile pc=0x0000000002b19de0 method=com.android.dx.ssa.NormalSsaInsn.accept(Lcom/android/dx/ssa/SsaInsn$Visitor;)V @ 9
Event: 0.911 Thread 0x00000000173ce800 Uncommon trap: reason=class_check action=maybe_recompile pc=0x00000000029b2d14 method=com.android.dx.ssa.NormalSsaInsn.accept(Lcom/android/dx/ssa/SsaInsn$Visitor;)V @ 9
Event: 0.912 Thread 0x00000000173ce800 Uncommon trap: reason=class_check action=maybe_recompile pc=0x0000000002d29bf8 method=com.android.dx.ssa.SsaMethod.mapRegisters(Lcom/android/dx/ssa/RegisterMapper;)V @ 53
Event: 0.923 Thread 0x000000000255e800 Uncommon trap: reason=unstable_if action=reinterpret pc=0x0000000002a5a21c method=com.android.dx.ssa.SsaMethod.onSourcesChanged(Lcom/android/dx/ssa/SsaInsn;Lcom/android/dx/rop/code/RegisterSpecList;)V @ 4
Event: 1.017 Thread 0x00000000173ce800 Uncommon trap: reason=unstable_if action=reinterpret pc=0x0000000002d9dc00 method=java.util.BitSet.nextSetBit(I)I @ 87
Event: 1.252 Thread 0x000000000255e800 Uncommon trap: reason=unstable_if action=reinterpret pc=0x0000000002b2f980 method=java.util.concurrent.ConcurrentHashMap.get(Ljava/lang/Object;)Ljava/lang/Object; @ 86
Event: 1.252 Thread 0x000000000255e800 Uncommon trap: reason=unstable_if action=reinterpret pc=0x0000000002d07360 method=java.util.concurrent.ConcurrentHashMap.get(Ljava/lang/Object;)Ljava/lang/Object; @ 86
Event: 1.252 Thread 0x000000000255e800 Uncommon trap: reason=unstable_if action=reinterpret pc=0x0000000002c67ac8 method=java.util.concurrent.ConcurrentHashMap.get(Ljava/lang/Object;)Ljava/lang/Object; @ 86

Classes redefined (0 events):
No events

Internal exceptions (3 events):
Event: 0.026 Thread 0x000000000255e800 Exception <a 'java/lang/NoSuchMethodError': Method sun.misc.Unsafe.defineClass(Ljava/lang/String;[BII)Ljava/lang/Class; name or signature does not match> (0x00000000eab07cb0) thrown at [D:\j\worksp~1\openjd~3\jdk8u\hotspot\src\share\vm\prims\jni.cpp, line
Event: 0.026 Thread 0x000000000255e800 Exception <a 'java/lang/NoSuchMethodError': Method sun.misc.Unsafe.prefetchRead(Ljava/lang/Object;J)V name or signature does not match> (0x00000000eab07f98) thrown at [D:\j\worksp~1\openjd~3\jdk8u\hotspot\src\share\vm\prims\jni.cpp, line 4012]
Event: 0.910 Thread 0x000000000255e800 Implicit null exception at 0x0000000002a12aa2 to 0x0000000002a12b92

Events (10 events):
Event: 1.252 Thread 0x000000000255e800 Uncommon trap: trap_request=0xffffff65 fr.pc=0x0000000002d07360
Event: 1.252 Thread 0x000000000255e800 DEOPT PACKING pc=0x0000000002d07360 sp=0x000000000265d300
Event: 1.252 Thread 0x000000000255e800 DEOPT UNPACKING pc=0x00000000027a557b sp=0x000000000265d290 mode 2
Event: 1.252 Thread 0x000000000255e800 Uncommon trap: trap_request=0xffffff65 fr.pc=0x0000000002c67ac8
Event: 1.252 Thread 0x000000000255e800 DEOPT PACKING pc=0x0000000002c67ac8 sp=0x000000000265dcc0
Event: 1.252 Thread 0x000000000255e800 DEOPT UNPACKING pc=0x00000000027a557b sp=0x000000000265da40 mode 2
Event: 1.293 Thread 0x000000000255e800 DEOPT PACKING pc=0x0000000002d6d409 sp=0x000000000265e010
Event: 1.293 Thread 0x000000000255e800 DEOPT UNPACKING pc=0x00000000027a75d0 sp=0x000000000265dd70 mode 0
Event: 1.332 Executing VM operation: ParallelGCFailedAllocation
Event: 1.352 Executing VM operation: ParallelGCFailedAllocation done


Dynamic libraries:
0x00007ff61ef70000 - 0x00007ff61efa5000 	C:\Program Files\Android\Jdk\microsoft_dist_openjdk_1.8.0.25\bin\java.exe
0x00007ff878520000 - 0x00007ff878710000 	C:\WINDOWS\SYSTEM32\ntdll.dll
0x00007ff8771e0000 - 0x00007ff877292000 	C:\WINDOWS\System32\KERNEL32.DLL
0x00007ff8759a0000 - 0x00007ff875c43000 	C:\WINDOWS\System32\KERNELBASE.dll
0x00007ff876c00000 - 0x00007ff876ca3000 	C:\WINDOWS\System32\ADVAPI32.dll
0x00007ff8766a0000 - 0x00007ff87673e000 	C:\WINDOWS\System32\msvcrt.dll
0x00007ff8765d0000 - 0x00007ff876667000 	C:\WINDOWS\System32\sechost.dll
0x00007ff876ae0000 - 0x00007ff876c00000 	C:\WINDOWS\System32\RPCRT4.dll
0x00007ff876cb0000 - 0x00007ff876e44000 	C:\WINDOWS\System32\USER32.dll
0x00007ff8754b0000 - 0x00007ff8754d1000 	C:\WINDOWS\System32\win32u.dll
0x00007ff876670000 - 0x00007ff876696000 	C:\WINDOWS\System32\GDI32.dll
0x00007ff8754e0000 - 0x00007ff875674000 	C:\WINDOWS\System32\gdi32full.dll
0x00007ff875720000 - 0x00007ff8757be000 	C:\WINDOWS\System32\msvcp_win.dll
0x00007ff875840000 - 0x00007ff87593a000 	C:\WINDOWS\System32\ucrtbase.dll
0x00007ff8681f0000 - 0x00007ff868475000 	C:\WINDOWS\WinSxS\amd64_microsoft.windows.common-controls_6595b64144ccf1df_6.0.18362.592_none_e6c0b1911312be02\COMCTL32.dll
0x00007ff876740000 - 0x00007ff876a76000 	C:\WINDOWS\System32\combase.dll
0x00007ff875680000 - 0x00007ff875700000 	C:\WINDOWS\System32\bcryptPrimitives.dll
0x00007ff877990000 - 0x00007ff8779be000 	C:\WINDOWS\System32\IMM32.DLL
0x000000005be90000 - 0x000000005bf61000 	C:\Program Files\Android\Jdk\microsoft_dist_openjdk_1.8.0.25\jre\bin\msvcr100.dll
0x000000005b640000 - 0x000000005be85000 	C:\Program Files\Android\Jdk\microsoft_dist_openjdk_1.8.0.25\jre\bin\server\jvm.dll
0x00007ff877a40000 - 0x00007ff877a48000 	C:\WINDOWS\System32\PSAPI.DLL
0x00007ff86b130000 - 0x00007ff86b13a000 	C:\WINDOWS\SYSTEM32\VERSION.dll
0x00007ff86fdf0000 - 0x00007ff86fdf9000 	C:\WINDOWS\SYSTEM32\WSOCK32.dll
0x00007ff872f10000 - 0x00007ff872f34000 	C:\WINDOWS\SYSTEM32\WINMM.dll
0x00007ff877a50000 - 0x00007ff877abf000 	C:\WINDOWS\System32\WS2_32.dll
0x00007ff872ee0000 - 0x00007ff872f0d000 	C:\WINDOWS\SYSTEM32\WINMMBASE.dll
0x00007ff8757f0000 - 0x00007ff87583a000 	C:\WINDOWS\System32\cfgmgr32.dll
0x00007ff86fa80000 - 0x00007ff86fa8f000 	C:\Program Files\Android\Jdk\microsoft_dist_openjdk_1.8.0.25\jre\bin\verify.dll
0x00007ff868f00000 - 0x00007ff868f29000 	C:\Program Files\Android\Jdk\microsoft_dist_openjdk_1.8.0.25\jre\bin\java.dll
0x00007ff86eb60000 - 0x00007ff86eb76000 	C:\Program Files\Android\Jdk\microsoft_dist_openjdk_1.8.0.25\jre\bin\zip.dll
0x00007ff8772a0000 - 0x00007ff877985000 	C:\WINDOWS\System32\SHELL32.dll
0x00007ff877d40000 - 0x00007ff877de9000 	C:\WINDOWS\System32\shcore.dll
0x00007ff875da0000 - 0x00007ff87651f000 	C:\WINDOWS\System32\windows.storage.dll
0x00007ff875420000 - 0x00007ff87543f000 	C:\WINDOWS\System32\profapi.dll
0x00007ff875440000 - 0x00007ff87548a000 	C:\WINDOWS\System32\powrprof.dll
0x00007ff8753f0000 - 0x00007ff875400000 	C:\WINDOWS\System32\UMPDC.dll
0x00007ff878480000 - 0x00007ff8784d2000 	C:\WINDOWS\System32\shlwapi.dll
0x00007ff875490000 - 0x00007ff8754a1000 	C:\WINDOWS\System32\kernel.appcore.dll
0x00007ff875700000 - 0x00007ff875717000 	C:\WINDOWS\System32\cryptsp.dll

VM Arguments:
jvm_args: -Dfile.encoding=UTF8 -Xmx1G 
java_command: C:\Program Files (x86)\Android\android-sdk\build-tools\28.0.3\\lib\dx.jar --dex --no-strict --input-list=C:\Users\mic20\AppData\Local\Temp\tmpA335.tmp --output obj\Debug\90\android\bin
java_class_path (initial): C:\Program Files (x86)\Android\android-sdk\build-tools\28.0.3\\lib\dx.jar
Launcher Type: SUN_STANDARD

Environment Variables:
PATH=C:\Program Files\Android\Jdk\microsoft_dist_openjdk_1.8.0.25\bin;C:\Program Files\Haskell\bin;E:\ProgrammeE\HaskellPlatform\8.6.5\lib\extralibs\bin;E:\ProgrammeE\HaskellPlatform\8.6.5\bin;C:\Program Files (x86)\Python37-32\Scripts\;C:\Program Files (x86)\Python37-32\;C:\Program Files (x86)\Common Files\Oracle\Java\javapath;C:\ProgramData\Oracle\Java\javapath;C:\WINDOWS\system32;C:\WINDOWS;C:\WINDOWS\System32\Wbem;C:\WINDOWS\System32\WindowsPowerShell\v1.0\;C:\WINDOWS\System32\OpenSSH\;E:\ProgrammeE\nodeJS\;C:\Program Files\Java\jdk-12.0.1\bin;C:\Program Files (x86)\scala\bin;C:\Program Files\MiKTeX 2.9\miktex\bin\x64\;C:\Strawberry\c\bin;C:\Strawberry\perl\site\bin;C:\Strawberry\perl\bin;C:\Program Files (x86)\GnuWin32\bin;E:\ProgrammeE\HaskellPlatform\8.6.5\mingw\bin;C:\Program Files\Git\cmd;C:\Program Files\Microsoft SQL Server\120\Tools\Binn\;C:\Program Files\dotnet\;C:\Users\mic20\AppData\Roaming\cabal\bin;C:\Users\mic20\AppData\Roaming\local\bin;C:\Users\mic20\AppData\Local\Microsoft\WindowsApps;C:\Users\mic20\AppData\Roaming\npm;C:\Program Files\Java\jdk-12.0.1\bin;E:\ProgrammeE\CLion 2019.1.2\bin;E:\ProgrammeE\Microsoft VS Code\bin;C:\Users\mic20\AppData\Local\Microsoft\WindowsApps;C:\texlive\2019\bin\win32;C:\Program Files (x86)\Python37-32\python.exe;
USERNAME=mic20
OS=Windows_NT
PROCESSOR_IDENTIFIER=Intel64 Family 6 Model 58 Stepping 9, GenuineIntel



---------------  S Y S T E M  ---------------

OS: Windows 10.0 , 64 bit Build 18362 (10.0.18362.329)

CPU:total 8 (initial active 8) (4 cores per cpu, 2 threads per core) family 6 model 58 stepping 9, cmov, cx8, fxsr, mmx, sse, sse2, sse3, ssse3, sse4.1, sse4.2, popcnt, avx, aes, clmul, erms, ht, tsc, tscinvbit, tscinv

Memory: 4k page, physical 8245308k(1632836k free), swap 9293884k(5124k free)

vm_info: OpenJDK 64-Bit Server VM (25.71-b00) for windows-amd64 JRE (1.8.0-25-microsoft-b00), built on Feb  7 2019 20:09:14 by "builder" with MS VC++ 10.0 (VS2010)

time: Wed Jan 29 21:36:13 2020
timezone: W. Europe Standard Time
elapsed time: 1 seconds (0d 0h 0m 1s)

